{"/home/lucas/Projetos/asgard-ui/src/test/reporter/reporterSwitch.js":{"path":"/home/lucas/Projetos/asgard-ui/src/test/reporter/reporterSwitch.js","statementMap":{"0":{"start":{"line":5,"column":0},"end":{"line":9,"column":1}},"1":{"start":{"line":6,"column":2},"end":{"line":6,"column":71}},"2":{"start":{"line":8,"column":2},"end":{"line":8,"column":70}},"3":{"start":{"line":11,"column":0},"end":{"line":11,"column":36}}},"fnMap":{},"branchMap":{"0":{"loc":{"start":{"line":5,"column":0},"end":{"line":9,"column":1}},"type":"if","locations":[{"start":{"line":5,"column":0},"end":{"line":9,"column":1}},{"start":{"line":5,"column":0},"end":{"line":9,"column":1}}],"line":5}},"s":{"0":1,"1":1,"2":0,"3":1},"f":{},"b":{"0":[1,0]},"_coverageSchema":"43e27e138ebf9cfc5966b082cf9a028302ed4184","hash":"7e45cee12423b05102f0e33201352821b5490696","contentHash":"d99c00da3cb71a023bc76b8ee3a56efcaea69577519aca34958ade0c5e8b377e"},"/home/lucas/Projetos/asgard-ui/src/test/environment/jsdom.js":{"path":"/home/lucas/Projetos/asgard-ui/src/test/environment/jsdom.js","statementMap":{"0":{"start":{"line":3,"column":13},"end":{"line":3,"column":29}},"1":{"start":{"line":5,"column":14},"end":{"line":5,"column":44}},"2":{"start":{"line":7,"column":39},"end":{"line":7,"column":93}},"3":{"start":{"line":9,"column":11},"end":{"line":9,"column":67}},"4":{"start":{"line":11,"column":0},"end":{"line":16,"column":3}},"5":{"start":{"line":17,"column":0},"end":{"line":17,"column":37}},"6":{"start":{"line":18,"column":0},"end":{"line":18,"column":36}}},"fnMap":{"0":{"name":"_interopRequireDefault","decl":{"start":{"line":7,"column":9},"end":{"line":7,"column":31}},"loc":{"start":{"line":7,"column":37},"end":{"line":7,"column":95}},"line":7}},"branchMap":{"0":{"loc":{"start":{"line":7,"column":46},"end":{"line":7,"column":92}},"type":"cond-expr","locations":[{"start":{"line":7,"column":70},"end":{"line":7,"column":73}},{"start":{"line":7,"column":76},"end":{"line":7,"column":92}}],"line":7},"1":{"loc":{"start":{"line":7,"column":46},"end":{"line":7,"column":67}},"type":"binary-expr","locations":[{"start":{"line":7,"column":46},"end":{"line":7,"column":49}},{"start":{"line":7,"column":53},"end":{"line":7,"column":67}}],"line":7}},"s":{"0":1,"1":1,"2":1,"3":1,"4":1,"5":1,"6":1},"f":{"0":1},"b":{"0":[0,1],"1":[1,1]},"_coverageSchema":"43e27e138ebf9cfc5966b082cf9a028302ed4184","hash":"0eee7ba9010198ad145078d8e9ae115637bfa5ce","contentHash":"1c0893081819f335fc9ff0886bb1546ab6bdbee5ae4ea5d77106a8f30ee34764"},"/home/lucas/Projetos/asgard-ui/src/test/helpers/expectAsync.js":{"path":"/home/lucas/Projetos/asgard-ui/src/test/helpers/expectAsync.js","statementMap":{"0":{"start":{"line":3,"column":0},"end":{"line":5,"column":3}},"1":{"start":{"line":8,"column":2},"end":{"line":13,"column":3}},"2":{"start":{"line":9,"column":4},"end":{"line":9,"column":9}},"3":{"start":{"line":10,"column":4},"end":{"line":10,"column":11}},"4":{"start":{"line":12,"column":4},"end":{"line":12,"column":12}},"5":{"start":{"line":16,"column":0},"end":{"line":16,"column":30}}},"fnMap":{"0":{"name":"expectAsync","decl":{"start":{"line":7,"column":9},"end":{"line":7,"column":20}},"loc":{"start":{"line":7,"column":31},"end":{"line":14,"column":1}},"line":7}},"branchMap":{},"s":{"0":1,"1":253,"2":253,"3":253,"4":0,"5":1},"f":{"0":253},"b":{},"_coverageSchema":"43e27e138ebf9cfc5966b082cf9a028302ed4184","hash":"5d95eca537af30d438f965c6d7e3302df550e8b3","contentHash":"853cebdc25312579c7fcc9a6c880a995bfeeebe33bf4b359de8088b689bb5533"},"/home/lucas/Projetos/asgard-ui/src/js/actions/DialogActions.js":{"path":"/home/lucas/Projetos/asgard-ui/src/js/actions/DialogActions.js","statementMap":{"0":{"start":{"line":3,"column":0},"end":{"line":5,"column":3}},"1":{"start":{"line":7,"column":12},"end":{"line":7,"column":38}},"2":{"start":{"line":9,"column":13},"end":{"line":9,"column":42}},"3":{"start":{"line":11,"column":21},"end":{"line":11,"column":48}},"4":{"start":{"line":13,"column":22},"end":{"line":13,"column":60}},"5":{"start":{"line":15,"column":20},"end":{"line":15,"column":53}},"6":{"start":{"line":17,"column":21},"end":{"line":17,"column":58}},"7":{"start":{"line":19,"column":19},"end":{"line":19,"column":54}},"8":{"start":{"line":21,"column":20},"end":{"line":21,"column":56}},"9":{"start":{"line":23,"column":20},"end":{"line":23,"column":61}},"10":{"start":{"line":25,"column":21},"end":{"line":25,"column":58}},"11":{"start":{"line":27,"column":39},"end":{"line":27,"column":93}},"12":{"start":{"line":30,"column":15},"end":{"line":30,"column":100}},"13":{"start":{"line":32,"column":2},"end":{"line":35,"column":5}},"14":{"start":{"line":37,"column":2},"end":{"line":37,"column":19}},"15":{"start":{"line":40,"column":20},"end":{"line":126,"column":1}},"16":{"start":{"line":42,"column":4},"end":{"line":44,"column":5}},"17":{"start":{"line":42,"column":20},"end":{"line":42,"column":36}},"18":{"start":{"line":42,"column":45},"end":{"line":42,"column":56}},"19":{"start":{"line":42,"column":65},"end":{"line":42,"column":66}},"20":{"start":{"line":43,"column":6},"end":{"line":43,"column":35}},"21":{"start":{"line":46,"column":4},"end":{"line":48,"column":5}},"22":{"start":{"line":47,"column":6},"end":{"line":47,"column":87}},"23":{"start":{"line":50,"column":18},"end":{"line":50,"column":25}},"24":{"start":{"line":51,"column":17},"end":{"line":51,"column":24}},"25":{"start":{"line":52,"column":28},"end":{"line":52,"column":64}},"26":{"start":{"line":55,"column":4},"end":{"line":59,"column":7}},"27":{"start":{"line":63,"column":4},"end":{"line":65,"column":5}},"28":{"start":{"line":63,"column":21},"end":{"line":63,"column":37}},"29":{"start":{"line":63,"column":46},"end":{"line":63,"column":58}},"30":{"start":{"line":63,"column":68},"end":{"line":63,"column":69}},"31":{"start":{"line":64,"column":6},"end":{"line":64,"column":37}},"32":{"start":{"line":67,"column":4},"end":{"line":69,"column":5}},"33":{"start":{"line":68,"column":6},"end":{"line":68,"column":89}},"34":{"start":{"line":71,"column":18},"end":{"line":71,"column":25}},"35":{"start":{"line":72,"column":18},"end":{"line":72,"column":25}},"36":{"start":{"line":73,"column":28},"end":{"line":73,"column":66}},"37":{"start":{"line":76,"column":4},"end":{"line":80,"column":7}},"38":{"start":{"line":84,"column":4},"end":{"line":86,"column":5}},"39":{"start":{"line":84,"column":21},"end":{"line":84,"column":37}},"40":{"start":{"line":84,"column":46},"end":{"line":84,"column":58}},"41":{"start":{"line":84,"column":68},"end":{"line":84,"column":69}},"42":{"start":{"line":85,"column":6},"end":{"line":85,"column":37}},"43":{"start":{"line":88,"column":4},"end":{"line":90,"column":5}},"44":{"start":{"line":89,"column":6},"end":{"line":89,"column":88}},"45":{"start":{"line":92,"column":18},"end":{"line":92,"column":25}},"46":{"start":{"line":93,"column":18},"end":{"line":93,"column":25}},"47":{"start":{"line":94,"column":23},"end":{"line":94,"column":59}},"48":{"start":{"line":95,"column":18},"end":{"line":95,"column":25}},"49":{"start":{"line":96,"column":26},"end":{"line":96,"column":76}},"50":{"start":{"line":99,"column":4},"end":{"line":103,"column":7}},"51":{"start":{"line":107,"column":4},"end":{"line":110,"column":7}},"52":{"start":{"line":114,"column":4},"end":{"line":118,"column":7}},"53":{"start":{"line":122,"column":4},"end":{"line":124,"column":7}},"54":{"start":{"line":128,"column":0},"end":{"line":128,"column":32}}},"fnMap":{"0":{"name":"_interopRequireDefault","decl":{"start":{"line":27,"column":9},"end":{"line":27,"column":31}},"loc":{"start":{"line":27,"column":37},"end":{"line":27,"column":95}},"line":27},"1":{"name":"showDialog","decl":{"start":{"line":29,"column":9},"end":{"line":29,"column":19}},"loc":{"start":{"line":29,"column":26},"end":{"line":38,"column":1}},"line":29},"2":{"name":"alert","decl":{"start":{"line":41,"column":18},"end":{"line":41,"column":23}},"loc":{"start":{"line":41,"column":26},"end":{"line":60,"column":3}},"line":41},"3":{"name":"confirm","decl":{"start":{"line":62,"column":20},"end":{"line":62,"column":27}},"loc":{"start":{"line":62,"column":30},"end":{"line":81,"column":3}},"line":62},"4":{"name":"prompt","decl":{"start":{"line":83,"column":19},"end":{"line":83,"column":25}},"loc":{"start":{"line":83,"column":28},"end":{"line":104,"column":3}},"line":83},"5":{"name":"dismissDialog","decl":{"start":{"line":106,"column":26},"end":{"line":106,"column":39}},"loc":{"start":{"line":106,"column":48},"end":{"line":111,"column":3}},"line":106},"6":{"name":"acceptDialog","decl":{"start":{"line":113,"column":25},"end":{"line":113,"column":37}},"loc":{"start":{"line":113,"column":53},"end":{"line":119,"column":3}},"line":113},"7":{"name":"dismissLatestDialog","decl":{"start":{"line":121,"column":32},"end":{"line":121,"column":51}},"loc":{"start":{"line":121,"column":54},"end":{"line":125,"column":3}},"line":121}},"branchMap":{"0":{"loc":{"start":{"line":27,"column":46},"end":{"line":27,"column":92}},"type":"cond-expr","locations":[{"start":{"line":27,"column":70},"end":{"line":27,"column":73}},{"start":{"line":27,"column":76},"end":{"line":27,"column":92}}],"line":27},"1":{"loc":{"start":{"line":27,"column":46},"end":{"line":27,"column":67}},"type":"binary-expr","locations":[{"start":{"line":27,"column":46},"end":{"line":27,"column":49}},{"start":{"line":27,"column":53},"end":{"line":27,"column":67}}],"line":27},"2":{"loc":{"start":{"line":46,"column":4},"end":{"line":48,"column":5}},"type":"if","locations":[{"start":{"line":46,"column":4},"end":{"line":48,"column":5}},{"start":{"line":46,"column":4},"end":{"line":48,"column":5}}],"line":46},"3":{"loc":{"start":{"line":52,"column":28},"end":{"line":52,"column":64}},"type":"cond-expr","locations":[{"start":{"line":52,"column":51},"end":{"line":52,"column":55}},{"start":{"line":52,"column":58},"end":{"line":52,"column":64}}],"line":52},"4":{"loc":{"start":{"line":67,"column":4},"end":{"line":69,"column":5}},"type":"if","locations":[{"start":{"line":67,"column":4},"end":{"line":69,"column":5}},{"start":{"line":67,"column":4},"end":{"line":69,"column":5}}],"line":67},"5":{"loc":{"start":{"line":73,"column":28},"end":{"line":73,"column":66}},"type":"cond-expr","locations":[{"start":{"line":73,"column":52},"end":{"line":73,"column":56}},{"start":{"line":73,"column":59},"end":{"line":73,"column":66}}],"line":73},"6":{"loc":{"start":{"line":88,"column":4},"end":{"line":90,"column":5}},"type":"if","locations":[{"start":{"line":88,"column":4},"end":{"line":90,"column":5}},{"start":{"line":88,"column":4},"end":{"line":90,"column":5}}],"line":88},"7":{"loc":{"start":{"line":94,"column":23},"end":{"line":94,"column":59}},"type":"cond-expr","locations":[{"start":{"line":94,"column":47},"end":{"line":94,"column":49}},{"start":{"line":94,"column":52},"end":{"line":94,"column":59}}],"line":94},"8":{"loc":{"start":{"line":96,"column":26},"end":{"line":96,"column":76}},"type":"cond-expr","locations":[{"start":{"line":96,"column":50},"end":{"line":96,"column":66}},{"start":{"line":96,"column":69},"end":{"line":96,"column":76}}],"line":96}},"s":{"0":1,"1":1,"2":1,"3":1,"4":1,"5":1,"6":1,"7":1,"8":1,"9":1,"10":1,"11":5,"12":82,"13":82,"14":82,"15":1,"16":26,"17":26,"18":26,"19":26,"20":30,"21":26,"22":20,"23":6,"24":6,"25":6,"26":6,"27":27,"28":27,"29":27,"30":27,"31":32,"32":27,"33":20,"34":7,"35":7,"36":7,"37":7,"38":29,"39":29,"40":29,"41":29,"42":34,"43":29,"44":22,"45":7,"46":7,"47":7,"48":7,"49":7,"50":7,"51":13,"52":18,"53":0,"54":1},"f":{"0":5,"1":82,"2":26,"3":27,"4":29,"5":13,"6":18,"7":0},"b":{"0":[5,0],"1":[5,5],"2":[20,6],"3":[2,4],"4":[20,7],"5":[2,5],"6":[22,7],"7":[3,4],"8":[6,1]},"_coverageSchema":"43e27e138ebf9cfc5966b082cf9a028302ed4184","hash":"7df143e5997a85821f52bc3677a5e521b75ebd83","contentHash":"a33cbbb049a15eb7745b7cc90ac4bc26ac597548576a58047760f177569d66ff"},"/home/lucas/Projetos/asgard-ui/src/js/helpers/Util.js":{"path":"/home/lucas/Projetos/asgard-ui/src/js/helpers/Util.js","statementMap":{"0":{"start":{"line":3,"column":0},"end":{"line":5,"column":3}},"1":{"start":{"line":7,"column":21},"end":{"line":7,"column":663}},"2":{"start":{"line":7,"column":79},"end":{"line":7,"column":81}},"3":{"start":{"line":7,"column":92},"end":{"line":7,"column":96}},"4":{"start":{"line":7,"column":107},"end":{"line":7,"column":112}},"5":{"start":{"line":7,"column":123},"end":{"line":7,"column":132}},"6":{"start":{"line":7,"column":134},"end":{"line":7,"column":413}},"7":{"start":{"line":7,"column":140},"end":{"line":7,"column":283}},"8":{"start":{"line":7,"column":154},"end":{"line":7,"column":176}},"9":{"start":{"line":7,"column":226},"end":{"line":7,"column":246}},"10":{"start":{"line":7,"column":247},"end":{"line":7,"column":281}},"11":{"start":{"line":7,"column":275},"end":{"line":7,"column":281}},"12":{"start":{"line":7,"column":300},"end":{"line":7,"column":310}},"13":{"start":{"line":7,"column":311},"end":{"line":7,"column":320}},"14":{"start":{"line":7,"column":333},"end":{"line":7,"column":411}},"15":{"start":{"line":7,"column":339},"end":{"line":7,"column":379}},"16":{"start":{"line":7,"column":364},"end":{"line":7,"column":379}},"17":{"start":{"line":7,"column":392},"end":{"line":7,"column":409}},"18":{"start":{"line":7,"column":400},"end":{"line":7,"column":409}},"19":{"start":{"line":7,"column":414},"end":{"line":7,"column":426}},"20":{"start":{"line":7,"column":429},"end":{"line":7,"column":659}},"21":{"start":{"line":7,"column":456},"end":{"line":7,"column":656}},"22":{"start":{"line":7,"column":482},"end":{"line":7,"column":493}},"23":{"start":{"line":7,"column":501},"end":{"line":7,"column":656}},"24":{"start":{"line":7,"column":539},"end":{"line":7,"column":568}},"25":{"start":{"line":7,"column":578},"end":{"line":7,"column":654}},"26":{"start":{"line":9,"column":18},"end":{"line":9,"column":40}},"27":{"start":{"line":11,"column":19},"end":{"line":11,"column":54}},"28":{"start":{"line":13,"column":39},"end":{"line":13,"column":93}},"29":{"start":{"line":15,"column":24},"end":{"line":15,"column":25}},"30":{"start":{"line":18,"column":15},"end":{"line":18,"column":40}},"31":{"start":{"line":21,"column":2},"end":{"line":23,"column":3}},"32":{"start":{"line":21,"column":18},"end":{"line":21,"column":34}},"33":{"start":{"line":21,"column":46},"end":{"line":21,"column":76}},"34":{"start":{"line":21,"column":85},"end":{"line":21,"column":86}},"35":{"start":{"line":22,"column":4},"end":{"line":22,"column":40}},"36":{"start":{"line":25,"column":2},"end":{"line":36,"column":5}},"37":{"start":{"line":26,"column":4},"end":{"line":35,"column":7}},"38":{"start":{"line":27,"column":23},"end":{"line":27,"column":67}},"39":{"start":{"line":28,"column":6},"end":{"line":30,"column":7}},"40":{"start":{"line":29,"column":8},"end":{"line":29,"column":35}},"41":{"start":{"line":31,"column":6},"end":{"line":31,"column":37}},"42":{"start":{"line":32,"column":6},"end":{"line":32,"column":35}},"43":{"start":{"line":34,"column":6},"end":{"line":34,"column":53}},"44":{"start":{"line":37,"column":2},"end":{"line":37,"column":16}},"45":{"start":{"line":41,"column":12},"end":{"line":41,"column":14}},"46":{"start":{"line":44,"column":2},"end":{"line":56,"column":5}},"47":{"start":{"line":49,"column":6},"end":{"line":54,"column":9}},"48":{"start":{"line":58,"column":2},"end":{"line":58,"column":13}},"49":{"start":{"line":61,"column":11},"end":{"line":299,"column":1}},"50":{"start":{"line":63,"column":4},"end":{"line":65,"column":5}},"51":{"start":{"line":64,"column":6},"end":{"line":64,"column":23}},"52":{"start":{"line":68,"column":4},"end":{"line":68,"column":51}},"53":{"start":{"line":71,"column":4},"end":{"line":71,"column":51}},"54":{"start":{"line":74,"column":4},"end":{"line":74,"column":52}},"55":{"start":{"line":77,"column":4},"end":{"line":77,"column":52}},"56":{"start":{"line":80,"column":4},"end":{"line":80,"column":52}},"57":{"start":{"line":83,"column":4},"end":{"line":83,"column":50}},"58":{"start":{"line":86,"column":4},"end":{"line":86,"column":88}},"59":{"start":{"line":90,"column":4},"end":{"line":92,"column":5}},"60":{"start":{"line":90,"column":21},"end":{"line":90,"column":37}},"61":{"start":{"line":90,"column":49},"end":{"line":90,"column":61}},"62":{"start":{"line":90,"column":71},"end":{"line":90,"column":72}},"63":{"start":{"line":91,"column":6},"end":{"line":91,"column":40}},"64":{"start":{"line":94,"column":4},"end":{"line":94,"column":70}},"65":{"start":{"line":97,"column":4},"end":{"line":97,"column":67}},"66":{"start":{"line":100,"column":4},"end":{"line":100,"column":57}},"67":{"start":{"line":103,"column":16},"end":{"line":103,"column":20}},"68":{"start":{"line":105,"column":23},"end":{"line":105,"column":93}},"69":{"start":{"line":107,"column":16},"end":{"line":107,"column":18}},"70":{"start":{"line":109,"column":17},"end":{"line":122,"column":5}},"71":{"start":{"line":110,"column":6},"end":{"line":121,"column":7}},"72":{"start":{"line":111,"column":8},"end":{"line":111,"column":22}},"73":{"start":{"line":113,"column":8},"end":{"line":120,"column":11}},"74":{"start":{"line":114,"column":21},"end":{"line":114,"column":52}},"75":{"start":{"line":115,"column":10},"end":{"line":119,"column":11}},"76":{"start":{"line":116,"column":12},"end":{"line":116,"column":33}},"77":{"start":{"line":118,"column":12},"end":{"line":118,"column":29}},"78":{"start":{"line":124,"column":4},"end":{"line":128,"column":5}},"79":{"start":{"line":125,"column":6},"end":{"line":125,"column":38}},"80":{"start":{"line":127,"column":6},"end":{"line":127,"column":18}},"81":{"start":{"line":130,"column":4},"end":{"line":130,"column":17}},"82":{"start":{"line":133,"column":25},"end":{"line":133,"column":98}},"83":{"start":{"line":135,"column":4},"end":{"line":135,"column":45}},"84":{"start":{"line":136,"column":4},"end":{"line":144,"column":6}},"85":{"start":{"line":137,"column":6},"end":{"line":139,"column":7}},"86":{"start":{"line":138,"column":8},"end":{"line":138,"column":34}},"87":{"start":{"line":140,"column":6},"end":{"line":142,"column":7}},"88":{"start":{"line":141,"column":8},"end":{"line":141,"column":35}},"89":{"start":{"line":143,"column":6},"end":{"line":143,"column":15}},"90":{"start":{"line":147,"column":22},"end":{"line":147,"column":37}},"91":{"start":{"line":148,"column":23},"end":{"line":148,"column":53}},"92":{"start":{"line":149,"column":21},"end":{"line":149,"column":36}},"93":{"start":{"line":151,"column":4},"end":{"line":153,"column":5}},"94":{"start":{"line":152,"column":6},"end":{"line":152,"column":27}},"95":{"start":{"line":155,"column":4},"end":{"line":155,"column":47}},"96":{"start":{"line":158,"column":17},"end":{"line":158,"column":21}},"97":{"start":{"line":162,"column":4},"end":{"line":166,"column":5}},"98":{"start":{"line":163,"column":6},"end":{"line":163,"column":36}},"99":{"start":{"line":164,"column":11},"end":{"line":166,"column":5}},"100":{"start":{"line":165,"column":6},"end":{"line":165,"column":25}},"101":{"start":{"line":168,"column":4},"end":{"line":174,"column":5}},"102":{"start":{"line":169,"column":6},"end":{"line":171,"column":9}},"103":{"start":{"line":170,"column":8},"end":{"line":170,"column":47}},"104":{"start":{"line":173,"column":6},"end":{"line":173,"column":17}},"105":{"start":{"line":176,"column":4},"end":{"line":176,"column":16}},"106":{"start":{"line":179,"column":17},"end":{"line":179,"column":21}},"107":{"start":{"line":181,"column":4},"end":{"line":181,"column":23}},"108":{"start":{"line":183,"column":4},"end":{"line":191,"column":5}},"109":{"start":{"line":184,"column":6},"end":{"line":186,"column":9}},"110":{"start":{"line":185,"column":8},"end":{"line":185,"column":36}},"111":{"start":{"line":187,"column":11},"end":{"line":191,"column":5}},"112":{"start":{"line":188,"column":6},"end":{"line":190,"column":9}},"113":{"start":{"line":189,"column":8},"end":{"line":189,"column":33}},"114":{"start":{"line":193,"column":4},"end":{"line":193,"column":15}},"115":{"start":{"line":196,"column":22},"end":{"line":196,"column":92}},"116":{"start":{"line":198,"column":22},"end":{"line":198,"column":52}},"117":{"start":{"line":200,"column":4},"end":{"line":202,"column":7}},"118":{"start":{"line":201,"column":6},"end":{"line":201,"column":53}},"119":{"start":{"line":204,"column":4},"end":{"line":204,"column":23}},"120":{"start":{"line":207,"column":4},"end":{"line":207,"column":23}},"121":{"start":{"line":208,"column":4},"end":{"line":210,"column":5}},"122":{"start":{"line":209,"column":6},"end":{"line":209,"column":19}},"123":{"start":{"line":211,"column":4},"end":{"line":211,"column":33}},"124":{"start":{"line":212,"column":4},"end":{"line":212,"column":36}},"125":{"start":{"line":213,"column":4},"end":{"line":213,"column":62}},"126":{"start":{"line":215,"column":20},"end":{"line":215,"column":21}},"127":{"start":{"line":218,"column":4},"end":{"line":226,"column":5}},"128":{"start":{"line":219,"column":6},"end":{"line":221,"column":7}},"129":{"start":{"line":220,"column":8},"end":{"line":220,"column":52}},"130":{"start":{"line":223,"column":6},"end":{"line":225,"column":7}},"131":{"start":{"line":224,"column":8},"end":{"line":224,"column":14}},"132":{"start":{"line":228,"column":4},"end":{"line":230,"column":5}},"133":{"start":{"line":229,"column":6},"end":{"line":229,"column":35}},"134":{"start":{"line":232,"column":19},"end":{"line":232,"column":36}},"135":{"start":{"line":234,"column":4},"end":{"line":234,"column":42}},"136":{"start":{"line":237,"column":4},"end":{"line":239,"column":5}},"137":{"start":{"line":238,"column":6},"end":{"line":238,"column":48}},"138":{"start":{"line":241,"column":4},"end":{"line":241,"column":45}},"139":{"start":{"line":244,"column":4},"end":{"line":246,"column":7}},"140":{"start":{"line":245,"column":6},"end":{"line":245,"column":34}},"141":{"start":{"line":249,"column":17},"end":{"line":249,"column":21}},"142":{"start":{"line":251,"column":4},"end":{"line":253,"column":5}},"143":{"start":{"line":251,"column":21},"end":{"line":251,"column":37}},"144":{"start":{"line":251,"column":46},"end":{"line":251,"column":78}},"145":{"start":{"line":251,"column":88},"end":{"line":251,"column":89}},"146":{"start":{"line":252,"column":6},"end":{"line":252,"column":41}},"147":{"start":{"line":255,"column":4},"end":{"line":265,"column":7}},"148":{"start":{"line":256,"column":17},"end":{"line":256,"column":23}},"149":{"start":{"line":257,"column":17},"end":{"line":257,"column":23}},"150":{"start":{"line":258,"column":6},"end":{"line":260,"column":7}},"151":{"start":{"line":259,"column":8},"end":{"line":259,"column":48}},"152":{"start":{"line":261,"column":6},"end":{"line":263,"column":7}},"153":{"start":{"line":262,"column":8},"end":{"line":262,"column":140}},"154":{"start":{"line":264,"column":6},"end":{"line":264,"column":37}},"155":{"start":{"line":268,"column":4},"end":{"line":270,"column":5}},"156":{"start":{"line":269,"column":6},"end":{"line":269,"column":18}},"157":{"start":{"line":271,"column":4},"end":{"line":273,"column":5}},"158":{"start":{"line":272,"column":6},"end":{"line":272,"column":38}},"159":{"start":{"line":274,"column":4},"end":{"line":283,"column":5}},"160":{"start":{"line":275,"column":18},"end":{"line":275,"column":32}},"161":{"start":{"line":276,"column":18},"end":{"line":276,"column":32}},"162":{"start":{"line":277,"column":6},"end":{"line":279,"column":7}},"163":{"start":{"line":278,"column":8},"end":{"line":278,"column":21}},"164":{"start":{"line":280,"column":6},"end":{"line":282,"column":9}},"165":{"start":{"line":281,"column":8},"end":{"line":281,"column":43}},"166":{"start":{"line":284,"column":4},"end":{"line":284,"column":46}},"167":{"start":{"line":287,"column":4},"end":{"line":289,"column":5}},"168":{"start":{"line":288,"column":6},"end":{"line":288,"column":19}},"169":{"start":{"line":291,"column":4},"end":{"line":295,"column":5}},"170":{"start":{"line":292,"column":6},"end":{"line":294,"column":9}},"171":{"start":{"line":293,"column":8},"end":{"line":293,"column":39}},"172":{"start":{"line":297,"column":4},"end":{"line":297,"column":35}},"173":{"start":{"line":301,"column":0},"end":{"line":301,"column":23}}},"fnMap":{"0":{"name":"(anonymous_0)","decl":{"start":{"line":7,"column":21},"end":{"line":7,"column":22}},"loc":{"start":{"line":7,"column":33},"end":{"line":7,"column":661}},"line":7},"1":{"name":"sliceIterator","decl":{"start":{"line":7,"column":44},"end":{"line":7,"column":57}},"loc":{"start":{"line":7,"column":66},"end":{"line":7,"column":428}},"line":7},"2":{"name":"(anonymous_2)","decl":{"start":{"line":7,"column":436},"end":{"line":7,"column":437}},"loc":{"start":{"line":7,"column":454},"end":{"line":7,"column":658}},"line":7},"3":{"name":"_interopRequireDefault","decl":{"start":{"line":13,"column":9},"end":{"line":13,"column":31}},"loc":{"start":{"line":13,"column":37},"end":{"line":13,"column":95}},"line":13},"4":{"name":"assignWithAccessors","decl":{"start":{"line":20,"column":9},"end":{"line":20,"column":28}},"loc":{"start":{"line":20,"column":37},"end":{"line":38,"column":1}},"line":20},"5":{"name":"(anonymous_5)","decl":{"start":{"line":25,"column":18},"end":{"line":25,"column":19}},"loc":{"start":{"line":25,"column":36},"end":{"line":36,"column":3}},"line":25},"6":{"name":"(anonymous_6)","decl":{"start":{"line":26,"column":32},"end":{"line":26,"column":33}},"loc":{"start":{"line":26,"column":47},"end":{"line":35,"column":5}},"line":26},"7":{"name":"createFixedObject","decl":{"start":{"line":40,"column":9},"end":{"line":40,"column":26}},"loc":{"start":{"line":40,"column":40},"end":{"line":59,"column":1}},"line":40},"8":{"name":"value","decl":{"start":{"line":48,"column":20},"end":{"line":48,"column":25}},"loc":{"start":{"line":48,"column":39},"end":{"line":55,"column":5}},"line":48},"9":{"name":"initKeyValue","decl":{"start":{"line":62,"column":25},"end":{"line":62,"column":37}},"loc":{"start":{"line":62,"column":55},"end":{"line":66,"column":3}},"line":62},"10":{"name":"(anonymous_10)","decl":{"start":{"line":67,"column":28},"end":{"line":67,"column":29}},"loc":{"start":{"line":67,"column":43},"end":{"line":69,"column":3}},"line":67},"11":{"name":"isError","decl":{"start":{"line":70,"column":20},"end":{"line":70,"column":27}},"loc":{"start":{"line":70,"column":33},"end":{"line":72,"column":3}},"line":70},"12":{"name":"isNumber","decl":{"start":{"line":73,"column":21},"end":{"line":73,"column":29}},"loc":{"start":{"line":73,"column":35},"end":{"line":75,"column":3}},"line":73},"13":{"name":"isString","decl":{"start":{"line":76,"column":21},"end":{"line":76,"column":29}},"loc":{"start":{"line":76,"column":35},"end":{"line":78,"column":3}},"line":76},"14":{"name":"isObject","decl":{"start":{"line":79,"column":21},"end":{"line":79,"column":29}},"loc":{"start":{"line":79,"column":35},"end":{"line":81,"column":3}},"line":79},"15":{"name":"isStringAndEmpty","decl":{"start":{"line":82,"column":29},"end":{"line":82,"column":45}},"loc":{"start":{"line":82,"column":51},"end":{"line":84,"column":3}},"line":82},"16":{"name":"hasClass","decl":{"start":{"line":85,"column":21},"end":{"line":85,"column":29}},"loc":{"start":{"line":85,"column":50},"end":{"line":87,"column":3}},"line":85},"17":{"name":"noop","decl":{"start":{"line":88,"column":17},"end":{"line":88,"column":21}},"loc":{"start":{"line":88,"column":24},"end":{"line":88,"column":26}},"line":88},"18":{"name":"extendObject","decl":{"start":{"line":89,"column":25},"end":{"line":89,"column":37}},"loc":{"start":{"line":89,"column":40},"end":{"line":95,"column":3}},"line":89},"19":{"name":"getUniqueId","decl":{"start":{"line":96,"column":24},"end":{"line":96,"column":35}},"loc":{"start":{"line":96,"column":38},"end":{"line":98,"column":3}},"line":96},"20":{"name":"getNewConsecutiveKey","decl":{"start":{"line":99,"column":33},"end":{"line":99,"column":53}},"loc":{"start":{"line":99,"column":56},"end":{"line":101,"column":3}},"line":99},"21":{"name":"detectObjectPaths","decl":{"start":{"line":102,"column":30},"end":{"line":102,"column":47}},"loc":{"start":{"line":102,"column":63},"end":{"line":131,"column":3}},"line":102},"22":{"name":"detect","decl":{"start":{"line":109,"column":26},"end":{"line":109,"column":32}},"loc":{"start":{"line":109,"column":39},"end":{"line":122,"column":5}},"line":109},"23":{"name":"(anonymous_23)","decl":{"start":{"line":113,"column":31},"end":{"line":113,"column":32}},"loc":{"start":{"line":113,"column":46},"end":{"line":120,"column":9}},"line":113},"24":{"name":"sortBy","decl":{"start":{"line":132,"column":19},"end":{"line":132,"column":25}},"loc":{"start":{"line":132,"column":31},"end":{"line":145,"column":3}},"line":132},"25":{"name":"(anonymous_25)","decl":{"start":{"line":136,"column":11},"end":{"line":136,"column":12}},"loc":{"start":{"line":136,"column":27},"end":{"line":144,"column":5}},"line":136},"26":{"name":"objectPathSet","decl":{"start":{"line":146,"column":26},"end":{"line":146,"column":39}},"loc":{"start":{"line":146,"column":58},"end":{"line":156,"column":3}},"line":146},"27":{"name":"deepCopy","decl":{"start":{"line":157,"column":21},"end":{"line":157,"column":29}},"loc":{"start":{"line":157,"column":35},"end":{"line":177,"column":3}},"line":157},"28":{"name":"(anonymous_28)","decl":{"start":{"line":169,"column":32},"end":{"line":169,"column":33}},"loc":{"start":{"line":169,"column":47},"end":{"line":171,"column":7}},"line":169},"29":{"name":"deepFreeze","decl":{"start":{"line":178,"column":23},"end":{"line":178,"column":33}},"loc":{"start":{"line":178,"column":39},"end":{"line":194,"column":3}},"line":178},"30":{"name":"(anonymous_30)","decl":{"start":{"line":184,"column":31},"end":{"line":184,"column":32}},"loc":{"start":{"line":184,"column":46},"end":{"line":186,"column":7}},"line":184},"31":{"name":"(anonymous_31)","decl":{"start":{"line":188,"column":18},"end":{"line":188,"column":19}},"loc":{"start":{"line":188,"column":35},"end":{"line":190,"column":7}},"line":188},"32":{"name":"fixObject","decl":{"start":{"line":195,"column":22},"end":{"line":195,"column":31}},"loc":{"start":{"line":195,"column":37},"end":{"line":205,"column":3}},"line":195},"33":{"name":"(anonymous_33)","decl":{"start":{"line":200,"column":32},"end":{"line":200,"column":33}},"loc":{"start":{"line":200,"column":48},"end":{"line":202,"column":5}},"line":200},"34":{"name":"filesize","decl":{"start":{"line":206,"column":21},"end":{"line":206,"column":29}},"loc":{"start":{"line":206,"column":77},"end":{"line":242,"column":3}},"line":206},"35":{"name":"compareArrays","decl":{"start":{"line":243,"column":26},"end":{"line":243,"column":39}},"loc":{"start":{"line":243,"column":46},"end":{"line":247,"column":3}},"line":243},"36":{"name":"(anonymous_36)","decl":{"start":{"line":244,"column":81},"end":{"line":244,"column":82}},"loc":{"start":{"line":244,"column":97},"end":{"line":246,"column":5}},"line":244},"37":{"name":"compareProperties","decl":{"start":{"line":248,"column":30},"end":{"line":248,"column":47}},"loc":{"start":{"line":248,"column":54},"end":{"line":266,"column":3}},"line":248},"38":{"name":"(anonymous_38)","decl":{"start":{"line":255,"column":22},"end":{"line":255,"column":23}},"loc":{"start":{"line":255,"column":37},"end":{"line":265,"column":5}},"line":255},"39":{"name":"isEgal","decl":{"start":{"line":267,"column":19},"end":{"line":267,"column":25}},"loc":{"start":{"line":267,"column":32},"end":{"line":285,"column":3}},"line":267},"40":{"name":"(anonymous_40)","decl":{"start":{"line":280,"column":25},"end":{"line":280,"column":26}},"loc":{"start":{"line":280,"column":40},"end":{"line":282,"column":7}},"line":280},"41":{"name":"isComponentOf","decl":{"start":{"line":286,"column":26},"end":{"line":286,"column":39}},"loc":{"start":{"line":286,"column":57},"end":{"line":298,"column":3}},"line":286},"42":{"name":"(anonymous_42)","decl":{"start":{"line":292,"column":24},"end":{"line":292,"column":25}},"loc":{"start":{"line":292,"column":40},"end":{"line":294,"column":7}},"line":292}},"branchMap":{"0":{"loc":{"start":{"line":7,"column":247},"end":{"line":7,"column":281}},"type":"if","locations":[{"start":{"line":7,"column":247},"end":{"line":7,"column":281}},{"start":{"line":7,"column":247},"end":{"line":7,"column":281}}],"line":7},"1":{"loc":{"start":{"line":7,"column":251},"end":{"line":7,"column":273}},"type":"binary-expr","locations":[{"start":{"line":7,"column":251},"end":{"line":7,"column":252}},{"start":{"line":7,"column":256},"end":{"line":7,"column":273}}],"line":7},"2":{"loc":{"start":{"line":7,"column":339},"end":{"line":7,"column":379}},"type":"if","locations":[{"start":{"line":7,"column":339},"end":{"line":7,"column":379}},{"start":{"line":7,"column":339},"end":{"line":7,"column":379}}],"line":7},"3":{"loc":{"start":{"line":7,"column":343},"end":{"line":7,"column":362}},"type":"binary-expr","locations":[{"start":{"line":7,"column":343},"end":{"line":7,"column":346}},{"start":{"line":7,"column":350},"end":{"line":7,"column":362}}],"line":7},"4":{"loc":{"start":{"line":7,"column":392},"end":{"line":7,"column":409}},"type":"if","locations":[{"start":{"line":7,"column":392},"end":{"line":7,"column":409}},{"start":{"line":7,"column":392},"end":{"line":7,"column":409}}],"line":7},"5":{"loc":{"start":{"line":7,"column":456},"end":{"line":7,"column":656}},"type":"if","locations":[{"start":{"line":7,"column":456},"end":{"line":7,"column":656}},{"start":{"line":7,"column":456},"end":{"line":7,"column":656}}],"line":7},"6":{"loc":{"start":{"line":7,"column":501},"end":{"line":7,"column":656}},"type":"if","locations":[{"start":{"line":7,"column":501},"end":{"line":7,"column":656}},{"start":{"line":7,"column":501},"end":{"line":7,"column":656}}],"line":7},"7":{"loc":{"start":{"line":13,"column":46},"end":{"line":13,"column":92}},"type":"cond-expr","locations":[{"start":{"line":13,"column":70},"end":{"line":13,"column":73}},{"start":{"line":13,"column":76},"end":{"line":13,"column":92}}],"line":13},"8":{"loc":{"start":{"line":13,"column":46},"end":{"line":13,"column":67}},"type":"binary-expr","locations":[{"start":{"line":13,"column":46},"end":{"line":13,"column":49}},{"start":{"line":13,"column":53},"end":{"line":13,"column":67}}],"line":13},"9":{"loc":{"start":{"line":21,"column":52},"end":{"line":21,"column":75}},"type":"cond-expr","locations":[{"start":{"line":21,"column":63},"end":{"line":21,"column":71}},{"start":{"line":21,"column":74},"end":{"line":21,"column":75}}],"line":21},"10":{"loc":{"start":{"line":28,"column":6},"end":{"line":30,"column":7}},"type":"if","locations":[{"start":{"line":28,"column":6},"end":{"line":30,"column":7}},{"start":{"line":28,"column":6},"end":{"line":30,"column":7}}],"line":28},"11":{"loc":{"start":{"line":28,"column":10},"end":{"line":28,"column":58}},"type":"binary-expr","locations":[{"start":{"line":28,"column":10},"end":{"line":28,"column":32}},{"start":{"line":28,"column":36},"end":{"line":28,"column":58}}],"line":28},"12":{"loc":{"start":{"line":63,"column":4},"end":{"line":65,"column":5}},"type":"if","locations":[{"start":{"line":63,"column":4},"end":{"line":65,"column":5}},{"start":{"line":63,"column":4},"end":{"line":65,"column":5}}],"line":63},"13":{"loc":{"start":{"line":67,"column":11},"end":{"line":69,"column":3}},"type":"binary-expr","locations":[{"start":{"line":67,"column":11},"end":{"line":67,"column":24}},{"start":{"line":67,"column":28},"end":{"line":69,"column":3}}],"line":67},"14":{"loc":{"start":{"line":83,"column":11},"end":{"line":83,"column":49}},"type":"binary-expr","locations":[{"start":{"line":83,"column":11},"end":{"line":83,"column":29}},{"start":{"line":83,"column":33},"end":{"line":83,"column":49}}],"line":83},"15":{"loc":{"start":{"line":86,"column":11},"end":{"line":86,"column":87}},"type":"binary-expr","locations":[{"start":{"line":86,"column":11},"end":{"line":86,"column":28}},{"start":{"line":86,"column":32},"end":{"line":86,"column":87}}],"line":86},"16":{"loc":{"start":{"line":105,"column":23},"end":{"line":105,"column":93}},"type":"cond-expr","locations":[{"start":{"line":105,"column":76},"end":{"line":105,"column":88}},{"start":{"line":105,"column":91},"end":{"line":105,"column":93}}],"line":105},"17":{"loc":{"start":{"line":105,"column":23},"end":{"line":105,"column":73}},"type":"binary-expr","locations":[{"start":{"line":105,"column":23},"end":{"line":105,"column":43}},{"start":{"line":105,"column":47},"end":{"line":105,"column":73}}],"line":105},"18":{"loc":{"start":{"line":110,"column":6},"end":{"line":121,"column":7}},"type":"if","locations":[{"start":{"line":110,"column":6},"end":{"line":121,"column":7}},{"start":{"line":110,"column":6},"end":{"line":121,"column":7}}],"line":110},"19":{"loc":{"start":{"line":114,"column":21},"end":{"line":114,"column":52}},"type":"cond-expr","locations":[{"start":{"line":114,"column":33},"end":{"line":114,"column":46}},{"start":{"line":114,"column":49},"end":{"line":114,"column":52}}],"line":114},"20":{"loc":{"start":{"line":115,"column":10},"end":{"line":119,"column":11}},"type":"if","locations":[{"start":{"line":115,"column":10},"end":{"line":119,"column":11}},{"start":{"line":115,"column":10},"end":{"line":119,"column":11}}],"line":115},"21":{"loc":{"start":{"line":124,"column":4},"end":{"line":128,"column":5}},"type":"if","locations":[{"start":{"line":124,"column":4},"end":{"line":128,"column":5}},{"start":{"line":124,"column":4},"end":{"line":128,"column":5}}],"line":124},"22":{"loc":{"start":{"line":133,"column":25},"end":{"line":133,"column":98}},"type":"cond-expr","locations":[{"start":{"line":133,"column":78},"end":{"line":133,"column":90}},{"start":{"line":133,"column":93},"end":{"line":133,"column":98}}],"line":133},"23":{"loc":{"start":{"line":133,"column":25},"end":{"line":133,"column":75}},"type":"binary-expr","locations":[{"start":{"line":133,"column":25},"end":{"line":133,"column":45}},{"start":{"line":133,"column":49},"end":{"line":133,"column":75}}],"line":133},"24":{"loc":{"start":{"line":135,"column":21},"end":{"line":135,"column":44}},"type":"cond-expr","locations":[{"start":{"line":135,"column":38},"end":{"line":135,"column":40}},{"start":{"line":135,"column":43},"end":{"line":135,"column":44}}],"line":135},"25":{"loc":{"start":{"line":137,"column":6},"end":{"line":139,"column":7}},"type":"if","locations":[{"start":{"line":137,"column":6},"end":{"line":139,"column":7}},{"start":{"line":137,"column":6},"end":{"line":139,"column":7}}],"line":137},"26":{"loc":{"start":{"line":137,"column":10},"end":{"line":137,"column":43}},"type":"binary-expr","locations":[{"start":{"line":137,"column":10},"end":{"line":137,"column":25}},{"start":{"line":137,"column":29},"end":{"line":137,"column":43}}],"line":137},"27":{"loc":{"start":{"line":140,"column":6},"end":{"line":142,"column":7}},"type":"if","locations":[{"start":{"line":140,"column":6},"end":{"line":142,"column":7}},{"start":{"line":140,"column":6},"end":{"line":142,"column":7}}],"line":140},"28":{"loc":{"start":{"line":140,"column":10},"end":{"line":140,"column":43}},"type":"binary-expr","locations":[{"start":{"line":140,"column":10},"end":{"line":140,"column":25}},{"start":{"line":140,"column":29},"end":{"line":140,"column":43}}],"line":140},"29":{"loc":{"start":{"line":151,"column":4},"end":{"line":153,"column":5}},"type":"if","locations":[{"start":{"line":151,"column":4},"end":{"line":153,"column":5}},{"start":{"line":151,"column":4},"end":{"line":153,"column":5}}],"line":151},"30":{"loc":{"start":{"line":162,"column":4},"end":{"line":166,"column":5}},"type":"if","locations":[{"start":{"line":162,"column":4},"end":{"line":166,"column":5}},{"start":{"line":162,"column":4},"end":{"line":166,"column":5}}],"line":162},"31":{"loc":{"start":{"line":164,"column":11},"end":{"line":166,"column":5}},"type":"if","locations":[{"start":{"line":164,"column":11},"end":{"line":166,"column":5}},{"start":{"line":164,"column":11},"end":{"line":166,"column":5}}],"line":164},"32":{"loc":{"start":{"line":168,"column":4},"end":{"line":174,"column":5}},"type":"if","locations":[{"start":{"line":168,"column":4},"end":{"line":174,"column":5}},{"start":{"line":168,"column":4},"end":{"line":174,"column":5}}],"line":168},"33":{"loc":{"start":{"line":183,"column":4},"end":{"line":191,"column":5}},"type":"if","locations":[{"start":{"line":183,"column":4},"end":{"line":191,"column":5}},{"start":{"line":183,"column":4},"end":{"line":191,"column":5}}],"line":183},"34":{"loc":{"start":{"line":187,"column":11},"end":{"line":191,"column":5}},"type":"if","locations":[{"start":{"line":187,"column":11},"end":{"line":191,"column":5}},{"start":{"line":187,"column":11},"end":{"line":191,"column":5}}],"line":187},"35":{"loc":{"start":{"line":196,"column":22},"end":{"line":196,"column":92}},"type":"cond-expr","locations":[{"start":{"line":196,"column":75},"end":{"line":196,"column":87}},{"start":{"line":196,"column":90},"end":{"line":196,"column":92}}],"line":196},"36":{"loc":{"start":{"line":196,"column":22},"end":{"line":196,"column":72}},"type":"binary-expr","locations":[{"start":{"line":196,"column":22},"end":{"line":196,"column":42}},{"start":{"line":196,"column":46},"end":{"line":196,"column":72}}],"line":196},"37":{"loc":{"start":{"line":207,"column":12},"end":{"line":207,"column":22}},"type":"binary-expr","locations":[{"start":{"line":207,"column":12},"end":{"line":207,"column":17}},{"start":{"line":207,"column":21},"end":{"line":207,"column":22}}],"line":207},"38":{"loc":{"start":{"line":208,"column":4},"end":{"line":210,"column":5}},"type":"if","locations":[{"start":{"line":208,"column":4},"end":{"line":210,"column":5}},{"start":{"line":208,"column":4},"end":{"line":210,"column":5}}],"line":208},"39":{"loc":{"start":{"line":211,"column":16},"end":{"line":211,"column":32}},"type":"binary-expr","locations":[{"start":{"line":211,"column":16},"end":{"line":211,"column":25}},{"start":{"line":211,"column":29},"end":{"line":211,"column":32}}],"line":211},"40":{"loc":{"start":{"line":212,"column":17},"end":{"line":212,"column":35}},"type":"binary-expr","locations":[{"start":{"line":212,"column":17},"end":{"line":212,"column":27}},{"start":{"line":212,"column":31},"end":{"line":212,"column":35}}],"line":212},"41":{"loc":{"start":{"line":213,"column":12},"end":{"line":213,"column":61}},"type":"binary-expr","locations":[{"start":{"line":213,"column":12},"end":{"line":213,"column":17}},{"start":{"line":213,"column":21},"end":{"line":213,"column":61}}],"line":213},"42":{"loc":{"start":{"line":219,"column":6},"end":{"line":221,"column":7}},"type":"if","locations":[{"start":{"line":219,"column":6},"end":{"line":221,"column":7}},{"start":{"line":219,"column":6},"end":{"line":221,"column":7}}],"line":219},"43":{"loc":{"start":{"line":223,"column":6},"end":{"line":225,"column":7}},"type":"if","locations":[{"start":{"line":223,"column":6},"end":{"line":225,"column":7}},{"start":{"line":223,"column":6},"end":{"line":225,"column":7}}],"line":223},"44":{"loc":{"start":{"line":223,"column":10},"end":{"line":223,"column":73}},"type":"binary-expr","locations":[{"start":{"line":223,"column":10},"end":{"line":223,"column":40}},{"start":{"line":223,"column":44},"end":{"line":223,"column":73}}],"line":223},"45":{"loc":{"start":{"line":228,"column":4},"end":{"line":230,"column":5}},"type":"if","locations":[{"start":{"line":228,"column":4},"end":{"line":230,"column":5}},{"start":{"line":228,"column":4},"end":{"line":230,"column":5}}],"line":228},"46":{"loc":{"start":{"line":237,"column":4},"end":{"line":239,"column":5}},"type":"if","locations":[{"start":{"line":237,"column":4},"end":{"line":239,"column":5}},{"start":{"line":237,"column":4},"end":{"line":239,"column":5}}],"line":237},"47":{"loc":{"start":{"line":244,"column":11},"end":{"line":246,"column":6}},"type":"binary-expr","locations":[{"start":{"line":244,"column":11},"end":{"line":244,"column":18}},{"start":{"line":244,"column":22},"end":{"line":244,"column":31}},{"start":{"line":244,"column":35},"end":{"line":244,"column":44}},{"start":{"line":244,"column":48},"end":{"line":244,"column":69}},{"start":{"line":244,"column":73},"end":{"line":246,"column":6}}],"line":244},"48":{"loc":{"start":{"line":251,"column":52},"end":{"line":251,"column":77}},"type":"cond-expr","locations":[{"start":{"line":251,"column":64},"end":{"line":251,"column":73}},{"start":{"line":251,"column":76},"end":{"line":251,"column":77}}],"line":251},"49":{"loc":{"start":{"line":258,"column":6},"end":{"line":260,"column":7}},"type":"if","locations":[{"start":{"line":258,"column":6},"end":{"line":260,"column":7}},{"start":{"line":258,"column":6},"end":{"line":260,"column":7}}],"line":258},"50":{"loc":{"start":{"line":261,"column":6},"end":{"line":263,"column":7}},"type":"if","locations":[{"start":{"line":261,"column":6},"end":{"line":263,"column":7}},{"start":{"line":261,"column":6},"end":{"line":263,"column":7}}],"line":261},"51":{"loc":{"start":{"line":261,"column":10},"end":{"line":261,"column":56}},"type":"binary-expr","locations":[{"start":{"line":261,"column":10},"end":{"line":261,"column":31}},{"start":{"line":261,"column":35},"end":{"line":261,"column":56}}],"line":261},"52":{"loc":{"start":{"line":262,"column":15},"end":{"line":262,"column":139}},"type":"binary-expr","locations":[{"start":{"line":262,"column":15},"end":{"line":262,"column":73}},{"start":{"line":262,"column":77},"end":{"line":262,"column":139}}],"line":262},"53":{"loc":{"start":{"line":268,"column":4},"end":{"line":270,"column":5}},"type":"if","locations":[{"start":{"line":268,"column":4},"end":{"line":270,"column":5}},{"start":{"line":268,"column":4},"end":{"line":270,"column":5}}],"line":268},"54":{"loc":{"start":{"line":271,"column":4},"end":{"line":273,"column":5}},"type":"if","locations":[{"start":{"line":271,"column":4},"end":{"line":273,"column":5}},{"start":{"line":271,"column":4},"end":{"line":273,"column":5}}],"line":271},"55":{"loc":{"start":{"line":271,"column":8},"end":{"line":271,"column":42}},"type":"binary-expr","locations":[{"start":{"line":271,"column":8},"end":{"line":271,"column":23}},{"start":{"line":271,"column":27},"end":{"line":271,"column":42}}],"line":271},"56":{"loc":{"start":{"line":274,"column":4},"end":{"line":283,"column":5}},"type":"if","locations":[{"start":{"line":274,"column":4},"end":{"line":283,"column":5}},{"start":{"line":274,"column":4},"end":{"line":283,"column":5}}],"line":274},"57":{"loc":{"start":{"line":274,"column":8},"end":{"line":274,"column":44}},"type":"binary-expr","locations":[{"start":{"line":274,"column":8},"end":{"line":274,"column":24}},{"start":{"line":274,"column":28},"end":{"line":274,"column":44}}],"line":274},"58":{"loc":{"start":{"line":277,"column":6},"end":{"line":279,"column":7}},"type":"if","locations":[{"start":{"line":277,"column":6},"end":{"line":279,"column":7}},{"start":{"line":277,"column":6},"end":{"line":279,"column":7}}],"line":277},"59":{"loc":{"start":{"line":284,"column":11},"end":{"line":284,"column":45}},"type":"binary-expr","locations":[{"start":{"line":284,"column":11},"end":{"line":284,"column":26}},{"start":{"line":284,"column":30},"end":{"line":284,"column":45}}],"line":284},"60":{"loc":{"start":{"line":287,"column":4},"end":{"line":289,"column":5}},"type":"if","locations":[{"start":{"line":287,"column":4},"end":{"line":289,"column":5}},{"start":{"line":287,"column":4},"end":{"line":289,"column":5}}],"line":287},"61":{"loc":{"start":{"line":291,"column":4},"end":{"line":295,"column":5}},"type":"if","locations":[{"start":{"line":291,"column":4},"end":{"line":295,"column":5}},{"start":{"line":291,"column":4},"end":{"line":295,"column":5}}],"line":291}},"s":{"0":1,"1":1,"2":0,"3":0,"4":0,"5":0,"6":0,"7":0,"8":0,"9":0,"10":0,"11":0,"12":0,"13":0,"14":0,"15":0,"16":0,"17":0,"18":0,"19":0,"20":1,"21":49,"22":49,"23":0,"24":0,"25":0,"26":1,"27":1,"28":1,"29":1,"30":1,"31":421,"32":421,"33":421,"34":421,"35":930,"36":421,"37":930,"38":5424,"39":5424,"40":5407,"41":5424,"42":5424,"43":5424,"44":421,"45":3,"46":3,"47":13,"48":3,"49":1,"50":18,"51":8,"52":0,"53":162,"54":849,"55":841,"56":21814,"57":418,"58":0,"59":421,"60":421,"61":421,"62":421,"63":930,"64":421,"65":11,"66":2,"67":5,"68":5,"69":5,"70":5,"71":26,"72":15,"73":11,"74":22,"75":22,"76":21,"77":1,"78":5,"79":2,"80":3,"81":5,"82":18,"83":18,"84":18,"85":46,"86":31,"87":15,"88":10,"89":5,"90":49,"91":49,"92":49,"93":49,"94":22,"95":49,"96":21229,"97":21229,"98":4599,"99":16630,"100":3664,"101":21229,"102":8263,"103":20792,"104":12966,"105":21229,"106":275,"107":275,"108":275,"109":55,"110":207,"111":220,"112":42,"113":45,"114":275,"115":3,"116":3,"117":3,"118":13,"119":3,"120":23,"121":23,"122":10,"123":23,"124":23,"125":23,"126":23,"127":23,"128":81,"129":58,"130":81,"131":21,"132":23,"133":2,"134":23,"135":23,"136":23,"137":14,"138":23,"139":36,"140":41,"141":7,"142":7,"143":7,"144":7,"145":7,"146":13,"147":7,"148":13,"149":13,"150":13,"151":2,"152":11,"153":2,"154":9,"155":428,"156":348,"157":80,"158":31,"159":49,"160":27,"161":27,"162":27,"163":2,"164":25,"165":37,"166":22,"167":18,"168":2,"169":16,"170":12,"171":37,"172":4,"173":1},"f":{"0":1,"1":0,"2":49,"3":1,"4":421,"5":930,"6":5424,"7":3,"8":13,"9":18,"10":0,"11":162,"12":849,"13":841,"14":21814,"15":418,"16":0,"17":2,"18":421,"19":11,"20":2,"21":5,"22":26,"23":22,"24":18,"25":46,"26":49,"27":21229,"28":20792,"29":275,"30":207,"31":45,"32":3,"33":13,"34":23,"35":36,"36":41,"37":7,"38":13,"39":428,"40":37,"41":18,"42":37},"b":{"0":[0,0],"1":[0,0],"2":[0,0],"3":[0,0],"4":[0,0],"5":[49,0],"6":[0,0],"7":[0,1],"8":[1,1],"9":[421,0],"10":[5407,17],"11":[5424,5407],"12":[8,10],"13":[1,0],"14":[418,362],"15":[0,0],"16":[3,2],"17":[5,3],"18":[15,11],"19":[15,7],"20":[21,1],"21":[2,3],"22":[14,4],"23":[18,14],"24":[2,16],"25":[31,15],"26":[46,34],"27":[10,5],"28":[15,9],"29":[22,27],"30":[4599,16630],"31":[3664,12966],"32":[8263,12966],"33":[55,220],"34":[42,178],"35":[3,0],"36":[3,3],"37":[23,1],"38":[10,13],"39":[23,20],"40":[23,22],"41":[23,22],"42":[58,23],"43":[21,60],"44":[81,27],"45":[2,21],"46":[14,9],"47":[36,36,36,36,30],"48":[7,0],"49":[2,11],"50":[2,9],"51":[11,2],"52":[2,1],"53":[348,80],"54":[31,49],"55":[80,31],"56":[27,22],"57":[49,27],"58":[2,25],"59":[22,1],"60":[2,16],"61":[12,4]},"_coverageSchema":"43e27e138ebf9cfc5966b082cf9a028302ed4184","hash":"5a428c69e5c38a1e8ed140bf799e4b099a5646d4","contentHash":"5f20ef69fb8f62a668a240335ea768308adcbcd501130df7814ea01a892c8fdc"},"/home/lucas/Projetos/asgard-ui/src/js/AppDispatcher.js":{"path":"/home/lucas/Projetos/asgard-ui/src/js/AppDispatcher.js","statementMap":{"0":{"start":{"line":3,"column":0},"end":{"line":5,"column":3}},"1":{"start":{"line":7,"column":12},"end":{"line":7,"column":27}},"2":{"start":{"line":9,"column":17},"end":{"line":9,"column":39}},"3":{"start":{"line":10,"column":0},"end":{"line":14,"column":2}},"4":{"start":{"line":11,"column":2},"end":{"line":13,"column":5}},"5":{"start":{"line":12,"column":4},"end":{"line":12,"column":29}},"6":{"start":{"line":16,"column":0},"end":{"line":16,"column":29}}},"fnMap":{"0":{"name":"(anonymous_0)","decl":{"start":{"line":10,"column":26},"end":{"line":10,"column":27}},"loc":{"start":{"line":10,"column":41},"end":{"line":14,"column":1}},"line":10},"1":{"name":"(anonymous_1)","decl":{"start":{"line":11,"column":13},"end":{"line":11,"column":14}},"loc":{"start":{"line":11,"column":25},"end":{"line":13,"column":3}},"line":11}},"branchMap":{},"s":{"0":1,"1":1,"2":1,"3":1,"4":132,"5":132,"6":1},"f":{"0":132,"1":132},"b":{},"_coverageSchema":"43e27e138ebf9cfc5966b082cf9a028302ed4184","hash":"1663e361cdbbd0c3c9e6b325bfe4ceb22a3ef534","contentHash":"7538833938fea20769906e769d6aeb36c61af7d1c97e10d3e0978ea3d0e32f01"},"/home/lucas/Projetos/asgard-ui/src/js/events/DialogEvents.js":{"path":"/home/lucas/Projetos/asgard-ui/src/js/events/DialogEvents.js","statementMap":{"0":{"start":{"line":3,"column":0},"end":{"line":5,"column":3}},"1":{"start":{"line":6,"column":19},"end":{"line":11,"column":1}},"2":{"start":{"line":13,"column":0},"end":{"line":13,"column":46}}},"fnMap":{},"branchMap":{},"s":{"0":1,"1":1,"2":1},"f":{},"b":{},"_coverageSchema":"43e27e138ebf9cfc5966b082cf9a028302ed4184","hash":"61fbfbd3cf4dc73c09c2fe38e3bf831b89e11789","contentHash":"383b61f8a1c3e5dca9d6fe40c1702db3bd5753ab60f9bbb95d5e00b286deac5a"},"/home/lucas/Projetos/asgard-ui/src/js/constants/DialogTypes.js":{"path":"/home/lucas/Projetos/asgard-ui/src/js/constants/DialogTypes.js","statementMap":{"0":{"start":{"line":3,"column":0},"end":{"line":5,"column":3}},"1":{"start":{"line":6,"column":18},"end":{"line":10,"column":1}},"2":{"start":{"line":12,"column":0},"end":{"line":12,"column":45}}},"fnMap":{},"branchMap":{},"s":{"0":1,"1":1,"2":1},"f":{},"b":{},"_coverageSchema":"43e27e138ebf9cfc5966b082cf9a028302ed4184","hash":"c1cc4c3384a3917588b3504b145fc06bdddd242a","contentHash":"2877acd00fcd5ed7c2fd5b73fa1437f5bc62b48564b7132b3d0cf7f24b2f503e"},"/home/lucas/Projetos/asgard-ui/src/js/stores/schemes/dialogScheme.js":{"path":"/home/lucas/Projetos/asgard-ui/src/js/stores/schemes/dialogScheme.js","statementMap":{"0":{"start":{"line":3,"column":0},"end":{"line":5,"column":3}},"1":{"start":{"line":7,"column":12},"end":{"line":7,"column":41}},"2":{"start":{"line":9,"column":13},"end":{"line":9,"column":42}},"3":{"start":{"line":11,"column":19},"end":{"line":11,"column":57}},"4":{"start":{"line":13,"column":20},"end":{"line":13,"column":56}},"5":{"start":{"line":15,"column":22},"end":{"line":15,"column":63}},"6":{"start":{"line":17,"column":23},"end":{"line":17,"column":62}},"7":{"start":{"line":19,"column":39},"end":{"line":19,"column":93}},"8":{"start":{"line":21,"column":19},"end":{"line":32,"column":1}},"9":{"start":{"line":34,"column":0},"end":{"line":34,"column":58}}},"fnMap":{"0":{"name":"_interopRequireDefault","decl":{"start":{"line":19,"column":9},"end":{"line":19,"column":31}},"loc":{"start":{"line":19,"column":37},"end":{"line":19,"column":95}},"line":19}},"branchMap":{"0":{"loc":{"start":{"line":19,"column":46},"end":{"line":19,"column":92}},"type":"cond-expr","locations":[{"start":{"line":19,"column":70},"end":{"line":19,"column":73}},{"start":{"line":19,"column":76},"end":{"line":19,"column":92}}],"line":19},"1":{"loc":{"start":{"line":19,"column":46},"end":{"line":19,"column":67}},"type":"binary-expr","locations":[{"start":{"line":19,"column":46},"end":{"line":19,"column":49}},{"start":{"line":19,"column":53},"end":{"line":19,"column":67}}],"line":19}},"s":{"0":1,"1":1,"2":1,"3":1,"4":1,"5":1,"6":1,"7":3,"8":1,"9":1},"f":{"0":3},"b":{"0":[3,0],"1":[3,3]},"_coverageSchema":"43e27e138ebf9cfc5966b082cf9a028302ed4184","hash":"d7f43fbfb7d37c92228c4a49e361cff573b3c545","contentHash":"f18f61a4bacaa1b717b43b67eb6c2e337c909ea045f4b72d75c692140e56e068"},"/home/lucas/Projetos/asgard-ui/src/js/constants/DialogSeverity.js":{"path":"/home/lucas/Projetos/asgard-ui/src/js/constants/DialogSeverity.js","statementMap":{"0":{"start":{"line":3,"column":0},"end":{"line":5,"column":3}},"1":{"start":{"line":6,"column":21},"end":{"line":10,"column":1}},"2":{"start":{"line":12,"column":0},"end":{"line":12,"column":48}}},"fnMap":{},"branchMap":{},"s":{"0":1,"1":1,"2":1},"f":{},"b":{},"_coverageSchema":"43e27e138ebf9cfc5966b082cf9a028302ed4184","hash":"496afc5a66ef804bd52a431df2ea90d2d31ef098","contentHash":"e2536c5950ef949c70861394e264fc4e400c41cb4f02055c9fb23921dcb848c5"},"/home/lucas/Projetos/asgard-ui/src/js/stores/DialogStore.js":{"path":"/home/lucas/Projetos/asgard-ui/src/js/stores/DialogStore.js","statementMap":{"0":{"start":{"line":3,"column":0},"end":{"line":5,"column":3}},"1":{"start":{"line":7,"column":14},"end":{"line":7,"column":31}},"2":{"start":{"line":9,"column":21},"end":{"line":9,"column":48}},"3":{"start":{"line":11,"column":22},"end":{"line":11,"column":60}},"4":{"start":{"line":13,"column":20},"end":{"line":13,"column":53}},"5":{"start":{"line":15,"column":21},"end":{"line":15,"column":58}},"6":{"start":{"line":17,"column":12},"end":{"line":17,"column":38}},"7":{"start":{"line":19,"column":13},"end":{"line":19,"column":42}},"8":{"start":{"line":21,"column":39},"end":{"line":21,"column":93}},"9":{"start":{"line":23,"column":14},"end":{"line":23,"column":16}},"10":{"start":{"line":26,"column":2},"end":{"line":26,"column":23}},"11":{"start":{"line":30,"column":2},"end":{"line":32,"column":3}},"12":{"start":{"line":31,"column":4},"end":{"line":31,"column":11}},"13":{"start":{"line":34,"column":17},"end":{"line":34,"column":26}},"14":{"start":{"line":35,"column":2},"end":{"line":37,"column":5}},"15":{"start":{"line":36,"column":4},"end":{"line":36,"column":34}},"16":{"start":{"line":40,"column":18},"end":{"line":69,"column":2}},"17":{"start":{"line":42,"column":26},"end":{"line":42,"column":113}},"18":{"start":{"line":46,"column":18},"end":{"line":46,"column":90}},"19":{"start":{"line":48,"column":6},"end":{"line":51,"column":7}},"20":{"start":{"line":49,"column":8},"end":{"line":49,"column":30}},"21":{"start":{"line":50,"column":8},"end":{"line":50,"column":26}},"22":{"start":{"line":55,"column":6},"end":{"line":58,"column":7}},"23":{"start":{"line":56,"column":8},"end":{"line":56,"column":26}},"24":{"start":{"line":57,"column":8},"end":{"line":57,"column":26}},"25":{"start":{"line":62,"column":6},"end":{"line":62,"column":81}},"26":{"start":{"line":63,"column":6},"end":{"line":63,"column":83}},"27":{"start":{"line":66,"column":4},"end":{"line":66,"column":67}},"28":{"start":{"line":67,"column":4},"end":{"line":67,"column":69}},"29":{"start":{"line":71,"column":0},"end":{"line":92,"column":3}},"30":{"start":{"line":72,"column":2},"end":{"line":91,"column":3}},"31":{"start":{"line":74,"column":6},"end":{"line":74,"column":31}},"32":{"start":{"line":75,"column":6},"end":{"line":75,"column":74}},"33":{"start":{"line":76,"column":6},"end":{"line":76,"column":12}},"34":{"start":{"line":78,"column":6},"end":{"line":78,"column":34}},"35":{"start":{"line":79,"column":6},"end":{"line":79,"column":90}},"36":{"start":{"line":80,"column":6},"end":{"line":80,"column":12}},"37":{"start":{"line":82,"column":6},"end":{"line":82,"column":34}},"38":{"start":{"line":83,"column":6},"end":{"line":83,"column":77}},"39":{"start":{"line":84,"column":6},"end":{"line":84,"column":12}},"40":{"start":{"line":86,"column":25},"end":{"line":86,"column":38}},"41":{"start":{"line":87,"column":6},"end":{"line":89,"column":7}},"42":{"start":{"line":88,"column":8},"end":{"line":88,"column":78}},"43":{"start":{"line":90,"column":6},"end":{"line":90,"column":12}},"44":{"start":{"line":94,"column":0},"end":{"line":94,"column":30}}},"fnMap":{"0":{"name":"_interopRequireDefault","decl":{"start":{"line":21,"column":9},"end":{"line":21,"column":31}},"loc":{"start":{"line":21,"column":37},"end":{"line":21,"column":95}},"line":21},"1":{"name":"addDialog","decl":{"start":{"line":25,"column":9},"end":{"line":25,"column":18}},"loc":{"start":{"line":25,"column":27},"end":{"line":27,"column":1}},"line":25},"2":{"name":"removeDialog","decl":{"start":{"line":29,"column":9},"end":{"line":29,"column":21}},"loc":{"start":{"line":29,"column":30},"end":{"line":38,"column":1}},"line":29},"3":{"name":"(anonymous_3)","decl":{"start":{"line":35,"column":27},"end":{"line":35,"column":28}},"loc":{"start":{"line":35,"column":45},"end":{"line":37,"column":3}},"line":35},"4":{"name":"handleUserResponse","decl":{"start":{"line":41,"column":31},"end":{"line":41,"column":49}},"loc":{"start":{"line":41,"column":76},"end":{"line":68,"column":3}},"line":41},"5":{"name":"onAccept","decl":{"start":{"line":45,"column":13},"end":{"line":45,"column":21}},"loc":{"start":{"line":45,"column":30},"end":{"line":52,"column":5}},"line":45},"6":{"name":"onDismiss","decl":{"start":{"line":54,"column":13},"end":{"line":54,"column":22}},"loc":{"start":{"line":54,"column":31},"end":{"line":59,"column":5}},"line":54},"7":{"name":"removeListeners","decl":{"start":{"line":61,"column":13},"end":{"line":61,"column":28}},"loc":{"start":{"line":61,"column":31},"end":{"line":64,"column":5}},"line":61},"8":{"name":"(anonymous_8)","decl":{"start":{"line":71,"column":33},"end":{"line":71,"column":34}},"loc":{"start":{"line":71,"column":51},"end":{"line":92,"column":1}},"line":71}},"branchMap":{"0":{"loc":{"start":{"line":21,"column":46},"end":{"line":21,"column":92}},"type":"cond-expr","locations":[{"start":{"line":21,"column":70},"end":{"line":21,"column":73}},{"start":{"line":21,"column":76},"end":{"line":21,"column":92}}],"line":21},"1":{"loc":{"start":{"line":21,"column":46},"end":{"line":21,"column":67}},"type":"binary-expr","locations":[{"start":{"line":21,"column":46},"end":{"line":21,"column":49}},{"start":{"line":21,"column":53},"end":{"line":21,"column":67}}],"line":21},"2":{"loc":{"start":{"line":30,"column":2},"end":{"line":32,"column":3}},"type":"if","locations":[{"start":{"line":30,"column":2},"end":{"line":32,"column":3}},{"start":{"line":30,"column":2},"end":{"line":32,"column":3}}],"line":30},"3":{"loc":{"start":{"line":42,"column":26},"end":{"line":42,"column":113}},"type":"cond-expr","locations":[{"start":{"line":42,"column":79},"end":{"line":42,"column":91}},{"start":{"line":42,"column":94},"end":{"line":42,"column":113}}],"line":42},"4":{"loc":{"start":{"line":42,"column":26},"end":{"line":42,"column":76}},"type":"binary-expr","locations":[{"start":{"line":42,"column":26},"end":{"line":42,"column":46}},{"start":{"line":42,"column":50},"end":{"line":42,"column":76}}],"line":42},"5":{"loc":{"start":{"line":46,"column":18},"end":{"line":46,"column":90}},"type":"cond-expr","locations":[{"start":{"line":46,"column":71},"end":{"line":46,"column":83}},{"start":{"line":46,"column":86},"end":{"line":46,"column":90}}],"line":46},"6":{"loc":{"start":{"line":46,"column":18},"end":{"line":46,"column":68}},"type":"binary-expr","locations":[{"start":{"line":46,"column":18},"end":{"line":46,"column":38}},{"start":{"line":46,"column":42},"end":{"line":46,"column":68}}],"line":46},"7":{"loc":{"start":{"line":48,"column":6},"end":{"line":51,"column":7}},"type":"if","locations":[{"start":{"line":48,"column":6},"end":{"line":51,"column":7}},{"start":{"line":48,"column":6},"end":{"line":51,"column":7}}],"line":48},"8":{"loc":{"start":{"line":48,"column":10},"end":{"line":48,"column":50}},"type":"binary-expr","locations":[{"start":{"line":48,"column":10},"end":{"line":48,"column":24}},{"start":{"line":48,"column":28},"end":{"line":48,"column":50}}],"line":48},"9":{"loc":{"start":{"line":55,"column":6},"end":{"line":58,"column":7}},"type":"if","locations":[{"start":{"line":55,"column":6},"end":{"line":58,"column":7}},{"start":{"line":55,"column":6},"end":{"line":58,"column":7}}],"line":55},"10":{"loc":{"start":{"line":55,"column":10},"end":{"line":55,"column":50}},"type":"binary-expr","locations":[{"start":{"line":55,"column":10},"end":{"line":55,"column":24}},{"start":{"line":55,"column":28},"end":{"line":55,"column":50}}],"line":55},"11":{"loc":{"start":{"line":72,"column":2},"end":{"line":91,"column":3}},"type":"switch","locations":[{"start":{"line":73,"column":4},"end":{"line":76,"column":12}},{"start":{"line":77,"column":4},"end":{"line":80,"column":12}},{"start":{"line":81,"column":4},"end":{"line":84,"column":12}},{"start":{"line":85,"column":4},"end":{"line":90,"column":12}}],"line":72},"12":{"loc":{"start":{"line":87,"column":6},"end":{"line":89,"column":7}},"type":"if","locations":[{"start":{"line":87,"column":6},"end":{"line":89,"column":7}},{"start":{"line":87,"column":6},"end":{"line":89,"column":7}}],"line":87}},"s":{"0":1,"1":1,"2":1,"3":1,"4":1,"5":1,"6":1,"7":1,"8":3,"9":1,"10":82,"11":31,"12":0,"13":31,"14":31,"15":31,"16":1,"17":6,"18":3,"19":3,"20":3,"21":3,"22":3,"23":3,"24":3,"25":6,"26":6,"27":6,"28":6,"29":1,"30":416,"31":82,"32":82,"33":82,"34":18,"35":18,"36":18,"37":13,"38":13,"39":13,"40":0,"41":0,"42":0,"43":0,"44":1},"f":{"0":3,"1":82,"2":31,"3":31,"4":6,"5":3,"6":3,"7":6,"8":416},"b":{"0":[3,0],"1":[3,3],"2":[0,31],"3":[3,3],"4":[6,3],"5":[1,2],"6":[3,3],"7":[3,0],"8":[3,3],"9":[3,0],"10":[3,3],"11":[82,18,13,0],"12":[0,0]},"_coverageSchema":"43e27e138ebf9cfc5966b082cf9a028302ed4184","hash":"b0bd06aea4951bd1535c80f87b6670137dd3d867","contentHash":"321eaafcaa422fa3ec34958ef17abcf3315a3a79bb314300c611546d564f4322"},"/home/lucas/Projetos/asgard-ui/src/test/stubs/ajaxWrapperStub.js":{"path":"/home/lucas/Projetos/asgard-ui/src/test/stubs/ajaxWrapperStub.js","statementMap":{"0":{"start":{"line":3,"column":0},"end":{"line":5,"column":3}},"1":{"start":{"line":6,"column":22},"end":{"line":24,"column":1}},"2":{"start":{"line":7,"column":2},"end":{"line":23,"column":4}},"3":{"start":{"line":8,"column":18},"end":{"line":10,"column":6}},"4":{"start":{"line":9,"column":6},"end":{"line":9,"column":45}},"5":{"start":{"line":12,"column":4},"end":{"line":15,"column":6}},"6":{"start":{"line":13,"column":6},"end":{"line":13,"column":29}},"7":{"start":{"line":14,"column":6},"end":{"line":14,"column":21}},"8":{"start":{"line":17,"column":4},"end":{"line":20,"column":6}},"9":{"start":{"line":18,"column":6},"end":{"line":18,"column":30}},"10":{"start":{"line":19,"column":6},"end":{"line":19,"column":21}},"11":{"start":{"line":22,"column":4},"end":{"line":22,"column":19}},"12":{"start":{"line":25,"column":0},"end":{"line":25,"column":34}}},"fnMap":{"0":{"name":"ajaxWrapperStub","decl":{"start":{"line":6,"column":31},"end":{"line":6,"column":46}},"loc":{"start":{"line":6,"column":57},"end":{"line":24,"column":1}},"line":6},"1":{"name":"(anonymous_1)","decl":{"start":{"line":7,"column":9},"end":{"line":7,"column":10}},"loc":{"start":{"line":7,"column":28},"end":{"line":23,"column":3}},"line":7},"2":{"name":"(anonymous_2)","decl":{"start":{"line":8,"column":30},"end":{"line":8,"column":31}},"loc":{"start":{"line":8,"column":57},"end":{"line":10,"column":5}},"line":8},"3":{"name":"(anonymous_3)","decl":{"start":{"line":12,"column":22},"end":{"line":12,"column":23}},"loc":{"start":{"line":12,"column":42},"end":{"line":15,"column":5}},"line":12},"4":{"name":"(anonymous_4)","decl":{"start":{"line":17,"column":20},"end":{"line":17,"column":21}},"loc":{"start":{"line":17,"column":40},"end":{"line":20,"column":5}},"line":17}},"branchMap":{},"s":{"0":1,"1":1,"2":33,"3":22,"4":22,"5":22,"6":22,"7":22,"8":22,"9":22,"10":22,"11":22,"12":1},"f":{"0":33,"1":22,"2":22,"3":22,"4":22},"b":{},"_coverageSchema":"43e27e138ebf9cfc5966b082cf9a028302ed4184","hash":"0beb262de978a93a53de3adafb42f776a5409ded","contentHash":"baf1fa994b0f87dfe3c02bd095678858273a7d9958d81f90e3e00bee8abc7dc9"},"/home/lucas/Projetos/asgard-ui/src/js/helpers/ajaxWrapper.js":{"path":"/home/lucas/Projetos/asgard-ui/src/js/helpers/ajaxWrapper.js","statementMap":{"0":{"start":{"line":3,"column":0},"end":{"line":5,"column":3}},"1":{"start":{"line":7,"column":23},"end":{"line":7,"column":50}},"2":{"start":{"line":9,"column":24},"end":{"line":9,"column":64}},"3":{"start":{"line":11,"column":12},"end":{"line":11,"column":29}},"4":{"start":{"line":13,"column":13},"end":{"line":13,"column":42}},"5":{"start":{"line":15,"column":21},"end":{"line":15,"column":68}},"6":{"start":{"line":17,"column":22},"end":{"line":17,"column":60}},"7":{"start":{"line":19,"column":21},"end":{"line":19,"column":68}},"8":{"start":{"line":21,"column":20},"end":{"line":21,"column":59}},"9":{"start":{"line":23,"column":40},"end":{"line":23,"column":267}},"10":{"start":{"line":23,"column":69},"end":{"line":23,"column":80}},"11":{"start":{"line":23,"column":103},"end":{"line":23,"column":105}},"12":{"start":{"line":23,"column":107},"end":{"line":23,"column":228}},"13":{"start":{"line":23,"column":126},"end":{"line":23,"column":226}},"14":{"start":{"line":23,"column":149},"end":{"line":23,"column":224}},"15":{"start":{"line":23,"column":201},"end":{"line":23,"column":224}},"16":{"start":{"line":23,"column":229},"end":{"line":23,"column":250}},"17":{"start":{"line":23,"column":251},"end":{"line":23,"column":265}},"18":{"start":{"line":25,"column":39},"end":{"line":25,"column":93}},"19":{"start":{"line":27,"column":18},"end":{"line":27,"column":20}},"20":{"start":{"line":28,"column":15},"end":{"line":28,"column":38}},"21":{"start":{"line":31,"column":2},"end":{"line":31,"column":58}},"22":{"start":{"line":34,"column":18},"end":{"line":149,"column":1}},"23":{"start":{"line":35,"column":13},"end":{"line":35,"column":83}},"24":{"start":{"line":37,"column":17},"end":{"line":44,"column":3}},"25":{"start":{"line":45,"column":16},"end":{"line":45,"column":59}},"26":{"start":{"line":46,"column":2},"end":{"line":58,"column":3}},"27":{"start":{"line":47,"column":4},"end":{"line":56,"column":5}},"28":{"start":{"line":48,"column":6},"end":{"line":55,"column":8}},"29":{"start":{"line":50,"column":10},"end":{"line":50,"column":22}},"30":{"start":{"line":53,"column":10},"end":{"line":53,"column":22}},"31":{"start":{"line":57,"column":4},"end":{"line":57,"column":34}},"32":{"start":{"line":60,"column":17},"end":{"line":63,"column":3}},"33":{"start":{"line":65,"column":20},"end":{"line":87,"column":3}},"34":{"start":{"line":66,"column":23},"end":{"line":70,"column":5}},"35":{"start":{"line":72,"column":4},"end":{"line":76,"column":5}},"36":{"start":{"line":73,"column":6},"end":{"line":75,"column":9}},"37":{"start":{"line":77,"column":25},"end":{"line":77,"column":40}},"38":{"start":{"line":78,"column":4},"end":{"line":82,"column":5}},"39":{"start":{"line":79,"column":18},"end":{"line":79,"column":52}},"40":{"start":{"line":81,"column":6},"end":{"line":81,"column":20}},"41":{"start":{"line":83,"column":4},"end":{"line":83,"column":53}},"42":{"start":{"line":84,"column":4},"end":{"line":84,"column":47}},"43":{"start":{"line":85,"column":4},"end":{"line":85,"column":78}},"44":{"start":{"line":86,"column":4},"end":{"line":86,"column":69}},"45":{"start":{"line":89,"column":22},"end":{"line":107,"column":3}},"46":{"start":{"line":90,"column":4},"end":{"line":90,"column":33}},"47":{"start":{"line":92,"column":4},"end":{"line":96,"column":5}},"48":{"start":{"line":93,"column":6},"end":{"line":93,"column":34}},"49":{"start":{"line":94,"column":6},"end":{"line":94,"column":25}},"50":{"start":{"line":95,"column":6},"end":{"line":95,"column":13}},"51":{"start":{"line":98,"column":4},"end":{"line":106,"column":7}},"52":{"start":{"line":99,"column":6},"end":{"line":99,"column":27}},"53":{"start":{"line":101,"column":6},"end":{"line":103,"column":9}},"54":{"start":{"line":102,"column":8},"end":{"line":102,"column":29}},"55":{"start":{"line":105,"column":6},"end":{"line":105,"column":25}},"56":{"start":{"line":109,"column":12},"end":{"line":109,"column":32}},"57":{"start":{"line":111,"column":2},"end":{"line":133,"column":4}},"58":{"start":{"line":112,"column":18},"end":{"line":112,"column":22}},"59":{"start":{"line":114,"column":4},"end":{"line":131,"column":7}},"60":{"start":{"line":117,"column":6},"end":{"line":122,"column":7}},"61":{"start":{"line":118,"column":8},"end":{"line":121,"column":11}},"62":{"start":{"line":119,"column":10},"end":{"line":119,"column":30}},"63":{"start":{"line":120,"column":10},"end":{"line":120,"column":29}},"64":{"start":{"line":127,"column":6},"end":{"line":130,"column":9}},"65":{"start":{"line":128,"column":8},"end":{"line":128,"column":28}},"66":{"start":{"line":129,"column":8},"end":{"line":129,"column":27}},"67":{"start":{"line":132,"column":4},"end":{"line":132,"column":19}},"68":{"start":{"line":135,"column":2},"end":{"line":146,"column":4}},"69":{"start":{"line":136,"column":18},"end":{"line":136,"column":22}},"70":{"start":{"line":137,"column":4},"end":{"line":144,"column":7}},"71":{"start":{"line":138,"column":6},"end":{"line":143,"column":7}},"72":{"start":{"line":139,"column":8},"end":{"line":142,"column":11}},"73":{"start":{"line":140,"column":10},"end":{"line":140,"column":30}},"74":{"start":{"line":141,"column":10},"end":{"line":141,"column":29}},"75":{"start":{"line":145,"column":4},"end":{"line":145,"column":19}},"76":{"start":{"line":148,"column":2},"end":{"line":148,"column":13}},"77":{"start":{"line":151,"column":0},"end":{"line":151,"column":30}}},"fnMap":{"0":{"name":"_interopRequireWildcard","decl":{"start":{"line":23,"column":9},"end":{"line":23,"column":32}},"loc":{"start":{"line":23,"column":38},"end":{"line":23,"column":269}},"line":23},"1":{"name":"_interopRequireDefault","decl":{"start":{"line":25,"column":9},"end":{"line":25,"column":31}},"loc":{"start":{"line":25,"column":37},"end":{"line":25,"column":95}},"line":25},"2":{"name":"removeCall","decl":{"start":{"line":30,"column":9},"end":{"line":30,"column":19}},"loc":{"start":{"line":30,"column":29},"end":{"line":32,"column":1}},"line":30},"3":{"name":"ajaxWrapper","decl":{"start":{"line":34,"column":27},"end":{"line":34,"column":38}},"loc":{"start":{"line":34,"column":41},"end":{"line":149,"column":1}},"line":34},"4":{"name":"error","decl":{"start":{"line":49,"column":24},"end":{"line":49,"column":29}},"loc":{"start":{"line":49,"column":32},"end":{"line":51,"column":9}},"line":49},"5":{"name":"success","decl":{"start":{"line":52,"column":26},"end":{"line":52,"column":33}},"loc":{"start":{"line":52,"column":36},"end":{"line":54,"column":9}},"line":52},"6":{"name":"makeRequest","decl":{"start":{"line":65,"column":29},"end":{"line":65,"column":40}},"loc":{"start":{"line":65,"column":50},"end":{"line":87,"column":3}},"line":65},"7":{"name":"parseResponse","decl":{"start":{"line":89,"column":31},"end":{"line":89,"column":44}},"loc":{"start":{"line":89,"column":60},"end":{"line":107,"column":3}},"line":89},"8":{"name":"(anonymous_8)","decl":{"start":{"line":98,"column":20},"end":{"line":98,"column":21}},"loc":{"start":{"line":98,"column":36},"end":{"line":100,"column":5}},"line":98},"9":{"name":"(anonymous_9)","decl":{"start":{"line":100,"column":7},"end":{"line":100,"column":8}},"loc":{"start":{"line":100,"column":19},"end":{"line":104,"column":5}},"line":100},"10":{"name":"(anonymous_10)","decl":{"start":{"line":101,"column":22},"end":{"line":101,"column":23}},"loc":{"start":{"line":101,"column":38},"end":{"line":103,"column":7}},"line":101},"11":{"name":"(anonymous_11)","decl":{"start":{"line":104,"column":12},"end":{"line":104,"column":13}},"loc":{"start":{"line":104,"column":24},"end":{"line":106,"column":5}},"line":104},"12":{"name":"(anonymous_12)","decl":{"start":{"line":111,"column":14},"end":{"line":111,"column":15}},"loc":{"start":{"line":111,"column":34},"end":{"line":133,"column":3}},"line":111},"13":{"name":"(anonymous_13)","decl":{"start":{"line":116,"column":4},"end":{"line":116,"column":5}},"loc":{"start":{"line":116,"column":19},"end":{"line":123,"column":5}},"line":116},"14":{"name":"(anonymous_14)","decl":{"start":{"line":118,"column":27},"end":{"line":118,"column":28}},"loc":{"start":{"line":118,"column":47},"end":{"line":121,"column":9}},"line":118},"15":{"name":"(anonymous_15)","decl":{"start":{"line":126,"column":4},"end":{"line":126,"column":5}},"loc":{"start":{"line":126,"column":19},"end":{"line":131,"column":5}},"line":126},"16":{"name":"(anonymous_16)","decl":{"start":{"line":127,"column":25},"end":{"line":127,"column":26}},"loc":{"start":{"line":127,"column":45},"end":{"line":130,"column":7}},"line":127},"17":{"name":"(anonymous_17)","decl":{"start":{"line":135,"column":16},"end":{"line":135,"column":17}},"loc":{"start":{"line":135,"column":36},"end":{"line":146,"column":3}},"line":135},"18":{"name":"(anonymous_18)","decl":{"start":{"line":137,"column":17},"end":{"line":137,"column":18}},"loc":{"start":{"line":137,"column":32},"end":{"line":144,"column":5}},"line":137},"19":{"name":"(anonymous_19)","decl":{"start":{"line":139,"column":27},"end":{"line":139,"column":28}},"loc":{"start":{"line":139,"column":47},"end":{"line":142,"column":9}},"line":139}},"branchMap":{"0":{"loc":{"start":{"line":23,"column":40},"end":{"line":23,"column":267}},"type":"if","locations":[{"start":{"line":23,"column":40},"end":{"line":23,"column":267}},{"start":{"line":23,"column":40},"end":{"line":23,"column":267}}],"line":23},"1":{"loc":{"start":{"line":23,"column":44},"end":{"line":23,"column":65}},"type":"binary-expr","locations":[{"start":{"line":23,"column":44},"end":{"line":23,"column":47}},{"start":{"line":23,"column":51},"end":{"line":23,"column":65}}],"line":23},"2":{"loc":{"start":{"line":23,"column":107},"end":{"line":23,"column":228}},"type":"if","locations":[{"start":{"line":23,"column":107},"end":{"line":23,"column":228}},{"start":{"line":23,"column":107},"end":{"line":23,"column":228}}],"line":23},"3":{"loc":{"start":{"line":23,"column":149},"end":{"line":23,"column":224}},"type":"if","locations":[{"start":{"line":23,"column":149},"end":{"line":23,"column":224}},{"start":{"line":23,"column":149},"end":{"line":23,"column":224}}],"line":23},"4":{"loc":{"start":{"line":25,"column":46},"end":{"line":25,"column":92}},"type":"cond-expr","locations":[{"start":{"line":25,"column":70},"end":{"line":25,"column":73}},{"start":{"line":25,"column":76},"end":{"line":25,"column":92}}],"line":25},"5":{"loc":{"start":{"line":25,"column":46},"end":{"line":25,"column":67}},"type":"binary-expr","locations":[{"start":{"line":25,"column":46},"end":{"line":25,"column":49}},{"start":{"line":25,"column":53},"end":{"line":25,"column":67}}],"line":25},"6":{"loc":{"start":{"line":35,"column":13},"end":{"line":35,"column":83}},"type":"cond-expr","locations":[{"start":{"line":35,"column":66},"end":{"line":35,"column":78}},{"start":{"line":35,"column":81},"end":{"line":35,"column":83}}],"line":35},"7":{"loc":{"start":{"line":35,"column":13},"end":{"line":35,"column":63}},"type":"binary-expr","locations":[{"start":{"line":35,"column":13},"end":{"line":35,"column":33}},{"start":{"line":35,"column":37},"end":{"line":35,"column":63}}],"line":35},"8":{"loc":{"start":{"line":46,"column":2},"end":{"line":58,"column":3}},"type":"if","locations":[{"start":{"line":46,"column":2},"end":{"line":58,"column":3}},{"start":{"line":46,"column":2},"end":{"line":58,"column":3}}],"line":46},"9":{"loc":{"start":{"line":47,"column":4},"end":{"line":56,"column":5}},"type":"if","locations":[{"start":{"line":47,"column":4},"end":{"line":56,"column":5}},{"start":{"line":47,"column":4},"end":{"line":56,"column":5}}],"line":47},"10":{"loc":{"start":{"line":72,"column":4},"end":{"line":76,"column":5}},"type":"if","locations":[{"start":{"line":72,"column":4},"end":{"line":76,"column":5}},{"start":{"line":72,"column":4},"end":{"line":76,"column":5}}],"line":72},"11":{"loc":{"start":{"line":72,"column":8},"end":{"line":72,"column":61}},"type":"binary-expr","locations":[{"start":{"line":72,"column":8},"end":{"line":72,"column":32}},{"start":{"line":72,"column":36},"end":{"line":72,"column":61}}],"line":72},"12":{"loc":{"start":{"line":74,"column":14},"end":{"line":74,"column":72}},"type":"cond-expr","locations":[{"start":{"line":74,"column":37},"end":{"line":74,"column":65}},{"start":{"line":74,"column":68},"end":{"line":74,"column":72}}],"line":74},"13":{"loc":{"start":{"line":92,"column":4},"end":{"line":96,"column":5}},"type":"if","locations":[{"start":{"line":92,"column":4},"end":{"line":96,"column":5}},{"start":{"line":92,"column":4},"end":{"line":96,"column":5}}],"line":92},"14":{"loc":{"start":{"line":117,"column":6},"end":{"line":122,"column":7}},"type":"if","locations":[{"start":{"line":117,"column":6},"end":{"line":122,"column":7}},{"start":{"line":117,"column":6},"end":{"line":122,"column":7}}],"line":117},"15":{"loc":{"start":{"line":138,"column":6},"end":{"line":143,"column":7}},"type":"if","locations":[{"start":{"line":138,"column":6},"end":{"line":143,"column":7}},{"start":{"line":138,"column":6},"end":{"line":143,"column":7}}],"line":138}},"s":{"0":1,"1":1,"2":1,"3":1,"4":1,"5":1,"6":1,"7":1,"8":1,"9":1,"10":1,"11":0,"12":0,"13":0,"14":0,"15":0,"16":0,"17":0,"18":3,"19":1,"20":1,"21":159,"22":1,"23":173,"24":173,"25":173,"26":173,"27":171,"28":11,"29":10,"30":11,"31":160,"32":162,"33":162,"34":162,"35":162,"36":68,"37":162,"38":162,"39":162,"40":162,"41":162,"42":162,"43":162,"44":162,"45":162,"46":162,"47":162,"48":0,"49":0,"50":0,"51":162,"52":144,"53":15,"54":0,"55":159,"56":162,"57":162,"58":154,"59":154,"60":151,"61":62,"62":62,"63":62,"64":3,"65":0,"66":0,"67":154,"68":162,"69":161,"70":161,"71":158,"72":97,"73"
[...]
column":3}},"20":{"start":{"line":47,"column":23},"end":{"line":50,"column":5}},"21":{"start":{"line":51,"column":20},"end":{"line":51,"column":42}},"22":{"start":{"line":52,"column":23},"end":{"line":52,"column":81}},"23":{"start":{"line":53,"column":4},"end":{"line":53,"column":94}},"24":{"start":{"line":54,"column":4},"end":{"line":54,"column":34}},"25":{"start":{"line":55,"column":4},"end":{"line":55,"column":84}},"26":{"start":{"line":59,"column":0},"end":{"line":59,"column":39}}},"fnMap":{"0":{"name":"_interopRequireDefault","decl":{"start":{"line":29,"column":9},"end":{"line":29,"column":31}},"loc":{"start":{"line":29,"column":37},"end":{"line":29,"column":95}},"line":29},"1":{"name":"(anonymous_1)","decl":{"start":{"line":34,"column":2},"end":{"line":34,"column":3}},"loc":{"start":{"line":34,"column":19},"end":{"line":36,"column":3}},"line":34},"2":{"name":"hasComponentAtPlaceId","decl":{"start":{"line":38,"column":34},"end":{"line":38,"column":55}},"loc":{"start":{"line":38,"column":65},"end":{"line":42,"column":3}},"line":38},"3":{"name":"(anonymous_3)","decl":{"start":{"line":39,"column":27},"end":{"line":39,"column":28}},"loc":{"start":{"line":39,"column":48},"end":{"line":41,"column":5}},"line":39},"4":{"name":"(anonymous_4)","decl":{"start":{"line":45,"column":36},"end":{"line":45,"column":37}},"loc":{"start":{"line":45,"column":53},"end":{"line":57,"column":1}},"line":45}},"branchMap":{"0":{"loc":{"start":{"line":29,"column":46},"end":{"line":29,"column":92}},"type":"cond-expr","locations":[{"start":{"line":29,"column":70},"end":{"line":29,"column":73}},{"start":{"line":29,"column":76},"end":{"line":29,"column":92}}],"line":29},"1":{"loc":{"start":{"line":29,"column":46},"end":{"line":29,"column":67}},"type":"binary-expr","locations":[{"start":{"line":29,"column":46},"end":{"line":29,"column":49}},{"start":{"line":29,"column":53},"end":{"line":29,"column":67}}],"line":29},"2":{"loc":{"start":{"line":46,"column":2},"end":{"line":56,"column":3}},"type":"if","locations":[{"start":{"line":46,"column":2},"end":{"line":56,"column":3}},{"start":{"line":46,"column":2},"end":{"line":56,"column":3}}],"line":46}},"s":{"0":1,"1":1,"2":1,"3":1,"4":1,"5":1,"6":1,"7":1,"8":1,"9":1,"10":1,"11":1,"12":5,"13":1,"14":1,"15":5,"16":0,"17":0,"18":1,"19":10,"20":2,"21":2,"22":2,"23":2,"24":2,"25":2,"26":1},"f":{"0":5,"1":5,"2":0,"3":0,"4":10},"b":{"0":[4,1],"1":[5,5],"2":[2,8]},"_coverageSchema":"43e27e138ebf9cfc5966b082cf9a028302ed4184","hash":"4b28ae9a749b619ccbaa8e9bc5e9571219c5063d","contentHash":"751c511af00be0f979c7ccc59bcfd7c3cf5d17ea80131553d00753e0ca7f5a5f"},"/home/lucas/Projetos/asgard-ui/src/js/events/PluginComponentEvents.js":{"path":"/home/lucas/Projetos/asgard-ui/src/js/events/PluginComponentEvents.js","statementMap":{"0":{"start":{"line":3,"column":0},"end":{"line":5,"column":3}},"1":{"start":{"line":6,"column":28},"end":{"line":8,"column":1}},"2":{"start":{"line":10,"column":0},"end":{"line":10,"column":55}}},"fnMap":{},"branchMap":{},"s":{"0":1,"1":1,"2":1},"f":{},"b":{},"_coverageSchema":"43e27e138ebf9cfc5966b082cf9a028302ed4184","hash":"b67e3d76816ae123da7b21e2febf9f8e9e640d1d","contentHash":"b694cc9171b3a188cdb99fb9617aad4f2a7c8dd1a1ba0641065e5a9881fffe09"},"/home/lucas/Projetos/asgard-ui/src/js/helpers/ExecutorUtil.js":{"path":"/home/lucas/Projetos/asgard-ui/src/js/helpers/ExecutorUtil.js","statementMap":{"0":{"start":{"line":3,"column":0},"end":{"line":5,"column":3}},"1":{"start":{"line":6,"column":19},"end":{"line":32,"column":1}},"2":{"start":{"line":8,"column":4},"end":{"line":10,"column":5}},"3":{"start":{"line":9,"column":6},"end":{"line":9,"column":21}},"4":{"start":{"line":11,"column":4},"end":{"line":11,"column":51}},"5":{"start":{"line":27,"column":4},"end":{"line":27,"column":32}},"6":{"start":{"line":30,"column":4},"end":{"line":30,"column":45}},"7":{"start":{"line":34,"column":0},"end":{"line":34,"column":31}}},"fnMap":{"0":{"name":"calculateExecutorId","decl":{"start":{"line":7,"column":32},"end":{"line":7,"column":51}},"loc":{"start":{"line":7,"column":58},"end":{"line":12,"column":3}},"line":7},"1":{"name":"calculateLegacyExecutorId","decl":{"start":{"line":26,"column":38},"end":{"line":26,"column":63}},"loc":{"start":{"line":26,"column":72},"end":{"line":28,"column":3}},"line":26},"2":{"name":"isDefaultExecutor","decl":{"start":{"line":29,"column":30},"end":{"line":29,"column":47}},"loc":{"start":{"line":29,"column":58},"end":{"line":31,"column":3}},"line":29}},"branchMap":{"0":{"loc":{"start":{"line":8,"column":4},"end":{"line":10,"column":5}},"type":"if","locations":[{"start":{"line":8,"column":4},"end":{"line":10,"column":5}},{"start":{"line":8,"column":4},"end":{"line":10,"column":5}}],"line":8},"1":{"loc":{"start":{"line":30,"column":11},"end":{"line":30,"column":44}},"type":"binary-expr","locations":[{"start":{"line":30,"column":11},"end":{"line":30,"column":20}},{"start":{"line":30,"column":24},"end":{"line":30,"column":44}}],"line":30}},"s":{"0":1,"1":1,"2":0,"3":0,"4":0,"5":0,"6":0,"7":1},"f":{"0":0,"1":0,"2":0},"b":{"0":[0,0],"1":[0,0]},"_coverageSchema":"43e27e138ebf9cfc5966b082cf9a028302ed4184","hash":"3819f60c4896c9f51243ecda5fe50183019c73e9","contentHash":"8a3ea970ed26c820ab5be5109268d2b20d007cea7c918f8d2c2721f188deae39"},"/home/lucas/Projetos/asgard-ui/src/js/asgard/stores/UsersStore.js":{"path":"/home/lucas/Projetos/asgard-ui/src/js/asgard/stores/UsersStore.js","statementMap":{"0":{"start":{"line":3,"column":0},"end":{"line":5,"column":3}},"1":{"start":{"line":7,"column":14},"end":{"line":7,"column":31}},"2":{"start":{"line":9,"column":21},"end":{"line":9,"column":51}},"3":{"start":{"line":11,"column":22},"end":{"line":11,"column":60}},"4":{"start":{"line":13,"column":17},"end":{"line":13,"column":50}},"5":{"start":{"line":15,"column":18},"end":{"line":15,"column":52}},"6":{"start":{"line":17,"column":18},"end":{"line":17,"column":49}},"7":{"start":{"line":19,"column":19},"end":{"line":19,"column":54}},"8":{"start":{"line":21,"column":18},"end":{"line":21,"column":49}},"9":{"start":{"line":23,"column":19},"end":{"line":23,"column":54}},"10":{"start":{"line":25,"column":12},"end":{"line":25,"column":41}},"11":{"start":{"line":27,"column":13},"end":{"line":27,"column":42}},"12":{"start":{"line":29,"column":39},"end":{"line":29,"column":93}},"13":{"start":{"line":32,"column":16},"end":{"line":34,"column":1}},"14":{"start":{"line":39,"column":13},"end":{"line":39,"column":69}},"15":{"start":{"line":40,"column":2},"end":{"line":40,"column":14}},"16":{"start":{"line":43,"column":16},"end":{"line":47,"column":2}},"17":{"start":{"line":45,"column":4},"end":{"line":45,"column":52}},"18":{"start":{"line":49,"column":0},"end":{"line":51,"column":3}},"19":{"start":{"line":50,"column":2},"end":{"line":50,"column":46}},"20":{"start":{"line":53,"column":0},"end":{"line":64,"column":3}},"21":{"start":{"line":54,"column":2},"end":{"line":63,"column":3}},"22":{"start":{"line":56,"column":6},"end":{"line":56,"column":55}},"23":{"start":{"line":57,"column":6},"end":{"line":57,"column":41}},"24":{"start":{"line":58,"column":6},"end":{"line":58,"column":50}},"25":{"start":{"line":59,"column":6},"end":{"line":59,"column":12}},"26":{"start":{"line":61,"column":6},"end":{"line":61,"column":95}},"27":{"start":{"line":62,"column":6},"end":{"line":62,"column":12}},"28":{"start":{"line":66,"column":0},"end":{"line":66,"column":28}}},"fnMap":{"0":{"name":"_interopRequireDefault","decl":{"start":{"line":29,"column":9},"end":{"line":29,"column":31}},"loc":{"start":{"line":29,"column":37},"end":{"line":29,"column":95}},"line":29},"1":{"name":"processUsers","decl":{"start":{"line":38,"column":9},"end":{"line":38,"column":21}},"loc":{"start":{"line":38,"column":29},"end":{"line":41,"column":1}},"line":38},"2":{"name":"(anonymous_2)","decl":{"start":{"line":44,"column":2},"end":{"line":44,"column":3}},"loc":{"start":{"line":44,"column":14},"end":{"line":46,"column":3}},"line":44},"3":{"name":"(anonymous_3)","decl":{"start":{"line":49,"column":52},"end":{"line":49,"column":53}},"loc":{"start":{"line":49,"column":64},"end":{"line":51,"column":1}},"line":49},"4":{"name":"(anonymous_4)","decl":{"start":{"line":53,"column":33},"end":{"line":53,"column":34}},"loc":{"start":{"line":53,"column":51},"end":{"line":64,"column":1}},"line":53}},"branchMap":{"0":{"loc":{"start":{"line":29,"column":46},"end":{"line":29,"column":92}},"type":"cond-expr","locations":[{"start":{"line":29,"column":70},"end":{"line":29,"column":73}},{"start":{"line":29,"column":76},"end":{"line":29,"column":92}}],"line":29},"1":{"loc":{"start":{"line":29,"column":46},"end":{"line":29,"column":67}},"type":"binary-expr","locations":[{"start":{"line":29,"column":46},"end":{"line":29,"column":49}},{"start":{"line":29,"column":53},"end":{"line":29,"column":67}}],"line":29},"2":{"loc":{"start":{"line":54,"column":2},"end":{"line":63,"column":3}},"type":"switch","locations":[{"start":{"line":55,"column":4},"end":{"line":59,"column":12}},{"start":{"line":60,"column":4},"end":{"line":62,"column":12}}],"line":54}},"s":{"0":1,"1":1,"2":1,"3":1,"4":1,"5":1,"6":1,"7":1,"8":1,"9":1,"10":1,"11":1,"12":5,"13":1,"14":1,"15":1,"16":1,"17":15,"18":1,"19":0,"20":1,"21":414,"22":1,"23":1,"24":1,"25":1,"26":0,"27":0,"28":1},"f":{"0":5,"1":1,"2":15,"3":0,"4":414},"b":{"0":[5,0],"1":[5,5],"2":[1,0]},"_coverageSchema":"43e27e138ebf9cfc5966b082cf9a028302ed4184","hash":"983e11aa1ae0682737ad555611c0d113b0fe9e77","contentHash":"6dab4948a7237e0d3e6be7a8003ed9dcea56c19e9e578a1577f99830ef676fdb"},"/home/lucas/Projetos/asgard-ui/src/js/asgard/stores/schemes/UserScheme.js":{"path":"/home/lucas/Projetos/asgard-ui/src/js/asgard/stores/schemes/UserScheme.js","statementMap":{"0":{"start":{"line":3,"column":0},"end":{"line":5,"column":3}},"1":{"start":{"line":7,"column":12},"end":{"line":7,"column":44}},"2":{"start":{"line":9,"column":13},"end":{"line":9,"column":42}},"3":{"start":{"line":11,"column":39},"end":{"line":11,"column":93}},"4":{"start":{"line":13,"column":17},"end":{"line":30,"column":1}},"5":{"start":{"line":31,"column":0},"end":{"line":31,"column":56}}},"fnMap":{"0":{"name":"_interopRequireDefault","decl":{"start":{"line":11,"column":9},"end":{"line":11,"column":31}},"loc":{"start":{"line":11,"column":37},"end":{"line":11,"column":95}},"line":11}},"branchMap":{"0":{"loc":{"start":{"line":11,"column":46},"end":{"line":11,"column":92}},"type":"cond-expr","locations":[{"start":{"line":11,"column":70},"end":{"line":11,"column":73}},{"start":{"line":11,"column":76},"end":{"line":11,"column":92}}],"line":11},"1":{"loc":{"start":{"line":11,"column":46},"end":{"line":11,"column":67}},"type":"binary-expr","locations":[{"start":{"line":11,"column":46},"end":{"line":11,"column":49}},{"start":{"line":11,"column":53},"end":{"line":11,"column":67}}],"line":11}},"s":{"0":1,"1":1,"2":1,"3":1,"4":1,"5":1},"f":{"0":1},"b":{"0":[1,0],"1":[1,1]},"_coverageSchema":"43e27e138ebf9cfc5966b082cf9a028302ed4184","hash":"4380377a4f40889ce51cf2dc6ee96d6f162e88c8","contentHash":"f72cdd860778340b39b1fa90b9573b82f6031c01ddbdabbe93c34821f4422fa7"},"/home/lucas/Projetos/asgard-ui/src/js/asgard/actions/UserActions.js":{"path":"/home/lucas/Projetos/asgard-ui/src/js/asgard/actions/UserActions.js","statementMap":{"0":{"start":{"line":3,"column":0},"end":{"line":5,"column":3}},"1":{"start":{"line":7,"column":19},"end":{"line":7,"column":55}},"2":{"start":{"line":9,"column":20},"end":{"line":9,"column":56}},"3":{"start":{"line":11,"column":21},"end":{"line":11,"column":51}},"4":{"start":{"line":13,"column":22},"end":{"line":13,"column":60}},"5":{"start":{"line":15,"column":18},"end":{"line":15,"column":49}},"6":{"start":{"line":17,"column":19},"end":{"line":17,"column":54}},"7":{"start":{"line":19,"column":14},"end":{"line":19,"column":44}},"8":{"start":{"line":21,"column":15},"end":{"line":21,"column":46}},"9":{"start":{"line":23,"column":39},"end":{"line":23,"column":93}},"10":{"start":{"line":25,"column":18},"end":{"line":42,"column":1}},"11":{"start":{"line":27,"column":4},"end":{"line":39,"column":7}},"12":{"start":{"line":30,"column":6},"end":{"line":33,"column":9}},"13":{"start":{"line":35,"column":6},"end":{"line":38,"column":9}},"14":{"start":{"line":44,"column":0},"end":{"line":44,"column":30}}},"fnMap":{"0":{"name":"_interopRequireDefault","decl":{"start":{"line":23,"column":9},"end":{"line":23,"column":31}},"loc":{"start":{"line":23,"column":37},"end":{"line":23,"column":95}},"line":23},"1":{"name":"requestUser","decl":{"start":{"line":26,"column":24},"end":{"line":26,"column":35}},"loc":{"start":{"line":26,"column":38},"end":{"line":40,"column":3}},"line":26},"2":{"name":"(anonymous_2)","decl":{"start":{"line":29,"column":15},"end":{"line":29,"column":16}},"loc":{"start":{"line":29,"column":32},"end":{"line":34,"column":5}},"line":29},"3":{"name":"(anonymous_3)","decl":{"start":{"line":34,"column":13},"end":{"line":34,"column":14}},"loc":{"start":{"line":34,"column":30},"end":{"line":39,"column":5}},"line":34}},"branchMap":{"0":{"loc":{"start":{"line":23,"column":46},"end":{"line":23,"column":92}},"type":"cond-expr","locations":[{"start":{"line":23,"column":70},"end":{"line":23,"column":73}},{"start":{"line":23,"column":76},"end":{"line":23,"column":92}}],"line":23},"1":{"loc":{"start":{"line":23,"column":46},"end":{"line":23,"column":67}},"type":"binary-expr","locations":[{"start":{"line":23,"column":46},"end":{"line":23,"column":49}},{"start":{"line":23,"column":53},"end":{"line":23,"column":67}}],"line":23}},"s":{"0":1,"1":1,"2":1,"3":1,"4":1,"5":1,"6":1,"7":1,"8":1,"9":4,"10":1,"11":2,"12":1,"13":0,"14":1},"f":{"0":4,"1":2,"2":1,"3":0},"b":{"0":[4,0],"1":[4,4]},"_coverageSchema":"43e27e138ebf9cfc5966b082cf9a028302ed4184","hash":"eee74e51b8541d9953f0a7a4c986e872e1559d2e","contentHash":"0c57f2597cbcc1bda7a9a9e4473d50447c51653f262d39ca6542fb77d8a7c49f"},"/home/lucas/Projetos/asgard-ui/src/js/asgard/components/PopoverComponent.js":{"path":"/home/lucas/Projetos/asgard-ui/src/js/asgard/components/PopoverComponent.js","statementMap":{"0":{"start":{"line":3,"column":0},"end":{"line":5,"column":3}},"1":{"start":{"line":7,"column":14},"end":{"line":7,"column":37}},"2":{"start":{"line":9,"column":15},"end":{"line":9,"column":46}},"3":{"start":{"line":11,"column":18},"end":{"line":11,"column":39}},"4":{"start":{"line":13,"column":19},"end":{"line":13,"column":54}},"5":{"start":{"line":15,"column":12},"end":{"line":15,"column":41}},"6":{"start":{"line":17,"column":13},"end":{"line":17,"column":42}},"7":{"start":{"line":19,"column":39},"end":{"line":19,"column":93}},"8":{"start":{"line":21,"column":22},"end":{"line":21,"column":31}},"9":{"start":{"line":22,"column":18},"end":{"line":22,"column":23}},"10":{"start":{"line":23,"column":21},"end":{"line":23,"column":29}},"11":{"start":{"line":25,"column":23},"end":{"line":98,"column":2}},"12":{"start":{"line":37,"column":4},"end":{"line":39,"column":6}},"13":{"start":{"line":43,"column":4},"end":{"line":43,"column":152}},"14":{"start":{"line":48,"column":4},"end":{"line":50,"column":5}},"15":{"start":{"line":49,"column":6},"end":{"line":49,"column":33}},"16":{"start":{"line":54,"column":4},"end":{"line":56,"column":5}},"17":{"start":{"line":55,"column":6},"end":{"line":55,"column":13}},"18":{"start":{"line":58,"column":24},"end":{"line":58,"column":73}},"19":{"start":{"line":59,"column":22},"end":{"line":59,"column":69}},"20":{"start":{"line":60,"column":28},"end":{"line":60,"column":65}},"21":{"start":{"line":61,"column":24},"end":{"line":61,"column":48}},"22":{"start":{"line":63,"column":4},"end":{"line":66,"column":5}},"23":{"start":{"line":64,"column":6},"end":{"line":64,"column":51}},"24":{"start":{"line":65,"column":6},"end":{"line":65,"column":13}},"25":{"start":{"line":68,"column":4},"end":{"line":71,"column":5}},"26":{"start":{"line":69,"column":6},"end":{"line":69,"column":48}},"27":{"start":{"line":70,"column":6},"end":{"line":70,"column":13}},"28":{"start":{"line":73,"column":4},"end":{"line":73,"column":50}},"29":{"start":{"line":77,"column":16},"end":{"line":77,"column":26}},"30":{"start":{"line":79,"column":4},"end":{"line":81,"column":5}},"31":{"start":{"line":80,"column":6},"end":{"line":80,"column":18}},"32":{"start":{"line":83,"column":20},"end":{"line":83,"column":95}},"33":{"start":{"line":85,"column":4},"end":{"line":96,"column":6}},"34":{"start":{"line":100,"column":0},"end":{"line":100,"column":35}}},"fnMap":{"0":{"name":"_interopRequireDefault","decl":{"start":{"line":19,"column":9},"end":{"line":19,"column":31}},"loc":{"start":{"line":19,"column":37},"end":{"line":19,"column":95}},"line":19},"1":{"name":"getInitialState","decl":{"start":{"line":36,"column":28},"end":{"line":36,"column":43}},"loc":{"start":{"line":36,"column":46},"end":{"line":40,"column":3}},"line":36},"2":{"name":"shouldComponentUpdate","decl":{"start":{"line":42,"column":34},"end":{"line":42,"column":55}},"loc":{"start":{"line":42,"column":78},"end":{"line":44,"column":3}},"line":42},"3":{"name":"componentDidUpdate","decl":{"start":{"line":47,"column":31},"end":{"line":47,"column":49}},"loc":{"start":{"line":47,"column":52},"end":{"line":51,"column":3}},"line":47},"4":{"name":"recalculatePosition","decl":{"start":{"line":53,"column":32},"end":{"line":53,"column":51}},"loc":{"start":{"line":53,"column":54},"end":{"line":74,"column":3}},"line":53},"5":{"name":"render","decl":{"start":{"line":76,"column":19},"end":{"line":76,"column":25}},"loc":{"start":{"line":76,"column":28},"end":{"line":97,"column":3}},"line":76}},"branchMap":{"0":{"loc":{"start":{"line":19,"column":46},"end":{"line":19,"column":92}},"type":"cond-expr","locations":[{"start":{"line":19,"column":70},"end":{"line":19,"column":73}},{"start":{"line":19,"column":76},"end":{"line":19,"column":92}}],"line":19},"1":{"loc":{"start":{"line":19,"column":46},"end":{"line":19,"column":67}},"type":"binary-expr","locations":[{"start":{"line":19,"column":46},"end":{"line":19,"column":49}},{"start":{"line":19,"column":53},"end":{"line":19,"column":67}}],"line":19},"2":{"loc":{"start":{"line":43,"column":11},"end":{"line":43,"column":151}},"type":"binary-expr","locations":[{"start":{"line":43,"column":11},"end":{"line":43,"column":55}},{"start":{"line":43,"column":59},"end":{"line":43,"column":151}}],"line":43},"3":{"loc":{"start":{"line":48,"column":4},"end":{"line":50,"column":5}},"type":"if","locations":[{"start":{"line":48,"column":4},"end":{"line":50,"column":5}},{"start":{"line":48,"column":4},"end":{"line":50,"column":5}}],"line":48},"4":{"loc":{"start":{"line":54,"column":4},"end":{"line":56,"column":5}},"type":"if","locations":[{"start":{"line":54,"column":4},"end":{"line":56,"column":5}},{"start":{"line":54,"column":4},"end":{"line":56,"column":5}}],"line":54},"5":{"loc":{"start":{"line":63,"column":4},"end":{"line":66,"column":5}},"type":"if","locations":[{"start":{"line":63,"column":4},"end":{"line":66,"column":5}},{"start":{"line":63,"column":4},"end":{"line":66,"column":5}}],"line":63},"6":{"loc":{"start":{"line":68,"column":4},"end":{"line":71,"column":5}},"type":"if","locations":[{"start":{"line":68,"column":4},"end":{"line":71,"column":5}},{"start":{"line":68,"column":4},"end":{"line":71,"column":5}}],"line":68},"7":{"loc":{"start":{"line":79,"column":4},"end":{"line":81,"column":5}},"type":"if","locations":[{"start":{"line":79,"column":4},"end":{"line":81,"column":5}},{"start":{"line":79,"column":4},"end":{"line":81,"column":5}}],"line":79}},"s":{"0":1,"1":1,"2":1,"3":1,"4":1,"5":1,"6":1,"7":3,"8":1,"9":1,"10":1,"11":1,"12":0,"13":0,"14":0,"15":0,"16":0,"17":0,"18":0,"19":0,"20":0,"21":0,"22":0,"23":0,"24":0,"25":0,"26":0,"27":0,"28":0,"29":0,"30":0,"31":0,"32":0,"33":0,"34":1},"f":{"0":3,"1":0,"2":0,"3":0,"4":0,"5":0},"b":{"0":[1,2],"1":[3,3],"2":[0,0],"3":[0,0],"4":[0,0],"5":[0,0],"6":[0,0],"7":[0,0]},"_coverageSchema":"43e27e138ebf9cfc5966b082cf9a028302ed4184","hash":"1b22510d65e141f22d8a11a7297e87d036fffabc","contentHash":"045e581807add70add08c30b3b65e58382671c789de0b42bf07cb0c0cd379d68"}}